MERGED: old=http://n2t.net/ark:/99166/w62n5nkc -> new=http://n2t.net/ark:/99166/w6t839hm
MERGED: old=http://n2t.net/ark:/99166/w64b41cc -> new=http://n2t.net/ark:/99166/w6zq4ztm
MERGED: old=http://n2t.net/ark:/99166/w6d22129 -> new=http://n2t.net/ark:/99166/w6010sb5
MERGED: old=http://n2t.net/ark:/99166/w6jq1cg7 -> new=http://n2t.net/ark:/99166/w68h9cr9
MERGED: old=http://n2t.net/ark:/99166/w6z89f6r -> new=http://n2t.net/ark:/99166/w6815ssc
MERGED: old=http://n2t.net/ark:/99166/w69s34t3 -> new=http://n2t.net/ark:/99166/w68q6qmk
MERGED: old=http://n2t.net/ark:/99166/w6vt252k -> new=http://n2t.net/ark:/99166/w6fp1xp8
MERGED: old=http://n2t.net/ark:/99166/w6cv50b7 -> new=http://n2t.net/ark:/99166/w6621qjm
MERGED: old=http://n2t.net/ark:/99166/w6m14vgw -> new=http://n2t.net/ark:/99166/w6r60hqb
MERGED: old=http://n2t.net/ark:/99166/w6rx9z6n -> new=http://n2t.net/ark:/99166/w6gc2vgb
MERGED: old=http://n2t.net/ark:/99166/w69g5kf6 -> new=http://n2t.net/ark:/99166/w66j57zj
MERGED: old=http://n2t.net/ark:/99166/w60r9ngz -> new=http://n2t.net/ark:/99166/w6c06wf3
MERGED: old=http://n2t.net/ark:/99166/w6t72hw9 -> new=http://n2t.net/ark:/99166/w63z90rp
MERGED: old=http://n2t.net/ark:/99166/w6m90r69 -> new=http://n2t.net/ark:/99166/w6nd6rww
MERGED: old=http://n2t.net/ark:/99166/w6m61mnt -> new=http://n2t.net/ark:/99166/w6844hpc
MERGED: old=http://n2t.net/ark:/99166/w6sc4vsx -> new=http://n2t.net/ark:/99166/w6wx874x
MERGED: old=http://n2t.net/ark:/99166/w6pn97nd -> new=http://n2t.net/ark:/99166/w6jj49jq
MERGED: old=http://n2t.net/ark:/99166/w6891d2n -> new=http://n2t.net/ark:/99166/w6mq5tss
MERGED: old=http://n2t.net/ark:/99166/w6h13j7q -> new=http://n2t.net/ark:/99166/w6rk57qq
MERGED: old=http://n2t.net/ark:/99166/w6wm1fkg -> new=http://n2t.net/ark:/99166/w6mq5shs
MERGED: old=http://n2t.net/ark:/99166/w65d8r0n -> new=http://n2t.net/ark:/99166/w6p37q7j
MERGED: old=http://n2t.net/ark:/99166/w6p849ts -> new=http://n2t.net/ark:/99166/w6v80959
MERGED: old=http://n2t.net/ark:/99166/w6mp55jf -> new=http://n2t.net/ark:/99166/w6tj9br6
MERGED: old=http://n2t.net/ark:/99166/w6s181fk -> new=http://n2t.net/ark:/99166/w6c64b4r
MERGED: old=http://n2t.net/ark:/99166/w6w37zvc -> new=http://n2t.net/ark:/99166/w6xb33dd
MERGED: old=http://n2t.net/ark:/99166/w6k93tjf -> new=http://n2t.net/ark:/99166/w63s1j6c
MERGED: old=http://n2t.net/ark:/99166/w69c738w -> new=http://n2t.net/ark:/99166/w6kn0460
MERGED: old=http://n2t.net/ark:/99166/w6h52fmd -> new=http://n2t.net/ark:/99166/w61m016f
MERGED: old=http://n2t.net/ark:/99166/w6ht2pb8 -> new=http://n2t.net/ark:/99166/w67q9qh2
MERGED: old=http://n2t.net/ark:/99166/w63r19w3 -> new=http://n2t.net/ark:/99166/w68f0kj0
MERGED: old=http://n2t.net/ark:/99166/w6db8bsg -> new=http://n2t.net/ark:/99166/w6359bsb
MERGED: old=http://n2t.net/ark:/99166/w6nv9gw6 -> new=http://n2t.net/ark:/99166/w658243w
MERGED: old=http://n2t.net/ark:/99166/w6jw908r -> new=http://n2t.net/ark:/99166/w6mm74nf
MERGED: old=http://n2t.net/ark:/99166/w6x3825b -> new=http://n2t.net/ark:/99166/w6pm15q3
MERGED: old=http://n2t.net/ark:/99166/w6125xrr -> new=http://n2t.net/ark:/99166/w6cs6hk8
MERGED: old=http://n2t.net/ark:/99166/w61n7zqb -> new=http://n2t.net/ark:/99166/w6gc2wt7
MERGED: old=http://n2t.net/ark:/99166/w6sx6hkc -> new=http://n2t.net/ark:/99166/w6fz80vr
MERGED: old=http://n2t.net/ark:/99166/w6bk1k3j -> new=http://n2t.net/ark:/99166/w67t8dgj
MERGED: old=http://n2t.net/ark:/99166/w6x679w9 -> new=http://n2t.net/ark:/99166/w6sz744q
MERGED: old=http://n2t.net/ark:/99166/w65t65dc -> new=http://n2t.net/ark:/99166/w6rc7xc6
MERGED: old=http://n2t.net/ark:/99166/w6br8q7c -> new=http://n2t.net/ark:/99166/w6fv9b1g
MERGED: old=http://n2t.net/ark:/99166/w67944wx -> new=http://n2t.net/ark:/99166/w63w06nq
MERGED: old=http://n2t.net/ark:/99166/w6r20zx1 -> new=http://n2t.net/ark:/99166/w63c6qpg
MERGED: old=http://n2t.net/ark:/99166/w6fj47hh -> new=http://n2t.net/ark:/99166/w6xf1sb2
MERGED: old=http://n2t.net/ark:/99166/w6ks902b -> new=http://n2t.net/ark:/99166/w6x74cb5
MERGED: old=http://n2t.net/ark:/99166/w67p8zst -> new=http://n2t.net/ark:/99166/w6n40m7p
MERGED: old=http://n2t.net/ark:/99166/w6zs3g28 -> new=http://n2t.net/ark:/99166/w6gk085k
MERGED: old=http://n2t.net/ark:/99166/w6cn73mr -> new=http://n2t.net/ark:/99166/w6g8444w
MERGED: old=http://n2t.net/ark:/99166/w64171bz -> new=http://n2t.net/ark:/99166/w6dp4xqj
MERGED: old=http://n2t.net/ark:/99166/w6s18bw4 -> new=http://n2t.net/ark:/99166/w6d32ppk
MERGED: old=http://n2t.net/ark:/99166/w6fj2r3k -> new=http://n2t.net/ark:/99166/w6bd4pwh
MERGED: old=http://n2t.net/ark:/99166/w6pw78m1 -> new=http://n2t.net/ark:/99166/w60w95h0
MERGED: old=http://n2t.net/ark:/99166/w6z07gtq -> new=http://n2t.net/ark:/99166/w6301zhf
MERGED: old=http://n2t.net/ark:/99166/w69p3ctz -> new=http://n2t.net/ark:/99166/w6wj3f1c
MERGED: old=http://n2t.net/ark:/99166/w6862j9s -> new=http://n2t.net/ark:/99166/w6xx58wc
MERGED: old=http://n2t.net/ark:/99166/w6xd13kk -> new=http://n2t.net/ark:/99166/w6rc7xp7
MERGED: old=http://n2t.net/ark:/99166/w6805688 -> new=http://n2t.net/ark:/99166/w6wx88gt
MERGED: old=http://n2t.net/ark:/99166/w6gq71jn -> new=http://n2t.net/ark:/99166/w6qk86q4
MERGED: old=http://n2t.net/ark:/99166/w6tb19tk -> new=http://n2t.net/ark:/99166/w6rw1d2v
MERGED: old=http://n2t.net/ark:/99166/w6fx79ph -> new=http://n2t.net/ark:/99166/w64c3rsd
MERGED: old=http://n2t.net/ark:/99166/w66971kg -> new=http://n2t.net/ark:/99166/w6d32qj6
MERGED: old=http://n2t.net/ark:/99166/w6wd754j -> new=http://n2t.net/ark:/99166/w6pm165b
MERGED: old=http://n2t.net/ark:/99166/w6dj5fp9 -> new=http://n2t.net/ark:/99166/w6ds3jvf
MERGED: old=http://n2t.net/ark:/99166/w6v721f0 -> new=http://n2t.net/ark:/99166/w6vb907k
MERGED: old=http://n2t.net/ark:/99166/w6kh1tmn -> new=http://n2t.net/ark:/99166/w65z3111
MERGED: old=http://n2t.net/ark:/99166/w6183qq4 -> new=http://n2t.net/ark:/99166/w69990x7
MERGED: old=http://n2t.net/ark:/99166/w6k46hng -> new=http://n2t.net/ark:/99166/w6vn5488
MERGED: old=http://n2t.net/ark:/99166/w68g8ss0 -> new=http://n2t.net/ark:/99166/w6gn8zf5
MERGED: old=http://n2t.net/ark:/99166/w6h13ccf -> new=http://n2t.net/ark:/99166/w6dw289m
MERGED: old=http://n2t.net/ark:/99166/w6wm1w24 -> new=http://n2t.net/ark:/99166/w6fs0kxx
MERGED: old=http://n2t.net/ark:/99166/w6gm8ss7 -> new=http://n2t.net/ark:/99166/w60686cb
MERGED: old=http://n2t.net/ark:/99166/w62r5987 -> new=http://n2t.net/ark:/99166/w648538j
MERGED: old=http://n2t.net/ark:/99166/w6qz28rx -> new=http://n2t.net/ark:/99166/w6zd8sc4
MERGED: old=http://n2t.net/ark:/99166/w6nk3q29 -> new=http://n2t.net/ark:/99166/w68x44cq
MERGED: old=http://n2t.net/ark:/99166/w6d799qh -> new=http://n2t.net/ark:/99166/w6t54jqj
MERGED: old=http://n2t.net/ark:/99166/w6pc33jc -> new=http://n2t.net/ark:/99166/w6x74f1z
MERGED: old=http://n2t.net/ark:/99166/w67s8340 -> new=http://n2t.net/ark:/99166/w6wx87p3
MERGED: old=http://n2t.net/ark:/99166/w6w97gdt -> new=http://n2t.net/ark:/99166/w6fp1z7v
MERGED: old=http://n2t.net/ark:/99166/w66973rj -> new=http://n2t.net/ark:/99166/w6b38mbx
MERGED: old=http://n2t.net/ark:/99166/w68p6209 -> new=http://n2t.net/ark:/99166/w6136jtt
MERGED: old=http://n2t.net/ark:/99166/w6571x9c -> new=http://n2t.net/ark:/99166/w6gv6c4d
MERGED: old=http://n2t.net/ark:/99166/w6ks7b35 -> new=http://n2t.net/ark:/99166/w6n40pt4
MERGED: old=http://n2t.net/ark:/99166/w69c6wh5 -> new=http://n2t.net/ark:/99166/w6qd0tr8
MERGED: old=http://n2t.net/ark:/99166/w6sb45bg -> new=http://n2t.net/ark:/99166/w6t54hg0
MERGED: old=http://n2t.net/ark:/99166/w6z13z5t -> new=http://n2t.net/ark:/99166/w6nm4583
MERGED: old=http://n2t.net/ark:/99166/w6hx5gvp -> new=http://n2t.net/ark:/99166/w6xx59kr
MERGED: old=http://n2t.net/ark:/99166/w6514382 -> new=http://n2t.net/ark:/99166/w6z42px1
MERGED: old=http://n2t.net/ark:/99166/w6251kz4 -> new=http://n2t.net/ark:/99166/w67q9pzg
MERGED: old=http://n2t.net/ark:/99166/w6q26xk3 -> new=http://n2t.net/ark:/99166/w6068629
MERGED: old=http://n2t.net/ark:/99166/w6pc3gjx -> new=http://n2t.net/ark:/99166/w6bw874m
MERGED: old=http://n2t.net/ark:/99166/w66975w5 -> new=http://n2t.net/ark:/99166/w6c06xq3
MERGED: old=http://n2t.net/ark:/99166/w6vh5q3p -> new=http://n2t.net/ark:/99166/w65n6x9d
MERGED: old=http://n2t.net/ark:/99166/w6rb772j -> new=http://n2t.net/ark:/99166/w66r2nrr
MERGED: old=http://n2t.net/ark:/99166/w69s4k94 -> new=http://n2t.net/ark:/99166/w6q63drc
MERGED: old=http://n2t.net/ark:/99166/w65r7kk8 -> new=http://n2t.net/ark:/99166/w6rc7xqp
MERGED: old=http://n2t.net/ark:/99166/w6s18ms3 -> new=http://n2t.net/ark:/99166/w6gv6c69
MERGED: old=http://n2t.net/ark:/99166/w6zs33d6 -> new=http://n2t.net/ark:/99166/w63p2sv4
MERGED: old=http://n2t.net/ark:/99166/w6g15zcx -> new=http://n2t.net/ark:/99166/w6jv0fzb
MERGED: old=http://n2t.net/ark:/99166/w6ng59jb -> new=http://n2t.net/ark:/99166/w66795b2
MERGED: old=http://n2t.net/ark:/99166/w63t9wm8 -> new=http://n2t.net/ark:/99166/w606870t
MERGED: old=http://n2t.net/ark:/99166/w69k48jg -> new=http://n2t.net/ark:/99166/w6k7596t
MERGED: old=http://n2t.net/ark:/99166/w6w98dwn -> new=http://n2t.net/ark:/99166/w6pd3v7s
MERGED: old=http://n2t.net/ark:/99166/w6jq1dh3 -> new=http://n2t.net/ark:/99166/w68h9c47
MERGED: old=http://n2t.net/ark:/99166/w67h28t0 -> new=http://n2t.net/ark:/99166/w61p8t91
MERGED: old=http://n2t.net/ark:/99166/w6w66rh2 -> new=http://n2t.net/ark:/99166/w62s4jk4
MERGED: old=http://n2t.net/ark:/99166/w6611063 -> new=http://n2t.net/ark:/99166/w6cd1r8f
MERGED: old=http://n2t.net/ark:/99166/w6nc607x -> new=http://n2t.net/ark:/99166/w6rs2ptc
MERGED: old=http://n2t.net/ark:/99166/w6m43jsv -> new=http://n2t.net/ark:/99166/w61h1b9v
MERGED: old=http://n2t.net/ark:/99166/w6tx3tq2 -> new=http://n2t.net/ark:/99166/w6tg0mn2
MERGED: old=http://n2t.net/ark:/99166/w64b32dv -> new=http://n2t.net/ark:/99166/w6rw1fr7
MERGED: old=http://n2t.net/ark:/99166/w6db89xv -> new=http://n2t.net/ark:/99166/w6g26r6x
MERGED: old=http://n2t.net/ark:/99166/w6q82wz5 -> new=http://n2t.net/ark:/99166/w63g5gc6
MERGED: old=http://n2t.net/ark:/99166/w6hx1xqr -> new=http://n2t.net/ark:/99166/w6x45q6v
MERGED: old=http://n2t.net/ark:/99166/w6ws9dkt -> new=http://n2t.net/ark:/99166/w6330n13
MERGED: old=http://n2t.net/ark:/99166/w6z60mkn -> new=http://n2t.net/ark:/99166/w6k17x25
MERGED: old=http://n2t.net/ark:/99166/w6q24g7g -> new=http://n2t.net/ark:/99166/w68t5gr4
MERGED: old=http://n2t.net/ark:/99166/w6cv4m6h -> new=http://n2t.net/ark:/99166/w6mb10p6
MERGED: old=http://n2t.net/ark:/99166/w64x5t06 -> new=http://n2t.net/ark:/99166/w6cw58vm
MERGED: old=http://n2t.net/ark:/99166/w6jq1mfp -> new=http://n2t.net/ark:/99166/w61h1bs4
MERGED: old=http://n2t.net/ark:/99166/w6r78dfw -> new=http://n2t.net/ark:/99166/w6vr3s18
MERGED: old=http://n2t.net/ark:/99166/w6jh3jkb -> new=http://n2t.net/ark:/99166/w6kq8ss6
MERGED: old=http://n2t.net/ark:/99166/w6m32wg7 -> new=http://n2t.net/ark:/99166/w6t54h9r
MERGED: old=http://n2t.net/ark:/99166/w6p26w2n -> new=http://n2t.net/ark:/99166/w6r03301
MERGED: old=http://n2t.net/ark:/99166/w6833pz9 -> new=http://n2t.net/ark:/99166/w6pp9xst
MERGED: old=http://n2t.net/ark:/99166/w63495vt -> new=http://n2t.net/ark:/99166/w60d5krr
MERGED: old=http://n2t.net/ark:/99166/w6dv1m4s -> new=http://n2t.net/ark:/99166/w6tn8466
MERGED: old=http://n2t.net/ark:/99166/w65b0bpx -> new=http://n2t.net/ark:/99166/w6v8080n
MERGED: old=http://n2t.net/ark:/99166/w66q1wgb -> new=http://n2t.net/ark:/99166/w60q1q1k
MERGED: old=http://n2t.net/ark:/99166/w68k7m5h -> new=http://n2t.net/ark:/99166/w6wx894r
MERGED: old=http://n2t.net/ark:/99166/w6x749wh -> new=http://n2t.net/ark:/99166/w61h1c98
MERGED: old=http://n2t.net/ark:/99166/w6q242pb -> new=http://n2t.net/ark:/99166/w6xx5bk5
MERGED: old=http://n2t.net/ark:/99166/w6jd4zg9 -> new=http://n2t.net/ark:/99166/w6844h5n
MERGED: old=http://n2t.net/ark:/99166/w6sn0hjw -> new=http://n2t.net/ark:/99166/w6rg6n4d
MERGED: old=http://n2t.net/ark:/99166/w6z03928 -> new=http://n2t.net/ark:/99166/w62628k6
MERGED: old=http://n2t.net/ark:/99166/w6086dj0 -> new=http://n2t.net/ark:/99166/w65n6zrn
MERGED: old=http://n2t.net/ark:/99166/w6862f5r -> new=http://n2t.net/ark:/99166/w64r8kg0
MERGED: old=http://n2t.net/ark:/99166/w6m339jg -> new=http://n2t.net/ark:/99166/w6nm470b
MERGED: old=http://n2t.net/ark:/99166/w6ff4btr -> new=http://n2t.net/ark:/99166/w6sc4xh5
MERGED: old=http://n2t.net/ark:/99166/w6fr0gm9 -> new=http://n2t.net/ark:/99166/w64k14g7
MERGED: old=http://n2t.net/ark:/99166/w6nk3mf0 -> new=http://n2t.net/ark:/99166/w6z42p2t
MERGED: old=http://n2t.net/ark:/99166/w62v2hg9 -> new=http://n2t.net/ark:/99166/w65f9k1r
MERGED: old=http://n2t.net/ark:/99166/w6bz6rpx -> new=http://n2t.net/ark:/99166/w6gc2v1h
MERGED: old=http://n2t.net/ark:/99166/w6vx0mmd -> new=http://n2t.net/ark:/99166/w6tz462t
MERGED: old=http://n2t.net/ark:/99166/w6280nv8 -> new=http://n2t.net/ark:/99166/w6j20snh
MERGED: old=http://n2t.net/ark:/99166/w6pv7bgq -> new=http://n2t.net/ark:/99166/w6p66cpw
MERGED: old=http://n2t.net/ark:/99166/w6cc0zvt -> new=http://n2t.net/ark:/99166/w65c0rvg
MERGED: old=http://n2t.net/ark:/99166/w6m62024 -> new=http://n2t.net/ark:/99166/w6nh5gpj
MERGED: old=http://n2t.net/ark:/99166/w66t0jtb -> new=http://n2t.net/ark:/99166/w6z1405m
MERGED: old=http://n2t.net/ark:/99166/w6jh3p9d -> new=http://n2t.net/ark:/99166/w6hn60jg
MERGED: old=http://n2t.net/ark:/99166/w66813rx -> new=http://n2t.net/ark:/99166/w6fs0pm4
MERGED: old=http://n2t.net/ark:/99166/w6183577 -> new=http://n2t.net/ark:/99166/w69d7nwx
MERGED: old=http://n2t.net/ark:/99166/w6vj6bz2 -> new=http://n2t.net/ark:/99166/w60d5k54
MERGED: old=http://n2t.net/ark:/99166/w6h41zmw -> new=http://n2t.net/ark:/99166/w6hj797h
MERGED: old=http://n2t.net/ark:/99166/w6bz822b -> new=http://n2t.net/ark:/99166/w67f3jm9
MERGED: old=http://n2t.net/ark:/99166/w6zk5dp6 -> new=http://n2t.net/ark:/99166/w6kf2p12
MERGED: old=http://n2t.net/ark:/99166/w67d2zmj -> new=http://n2t.net/ark:/99166/w6tj9crm
MERGED: old=http://n2t.net/ark:/99166/w63x872w -> new=http://n2t.net/ark:/99166/w6rg6jbv
MERGED: old=http://n2t.net/ark:/99166/w6g16t7v -> new=http://n2t.net/ark:/99166/w6xb32q1
MERGED: old=http://n2t.net/ark:/99166/w69z9jwz -> new=http://n2t.net/ark:/99166/w6wn2508
MERGED: old=http://n2t.net/ark:/99166/w63n26gt -> new=http://n2t.net/ark:/99166/w6pd3tgh
MERGED: old=http://n2t.net/ark:/99166/w6r49x5v -> new=http://n2t.net/ark:/99166/w6n40p9d
MERGED: old=http://n2t.net/ark:/99166/w6ks732t -> new=http://n2t.net/ark:/99166/w64v7b65
MERGED: old=http://n2t.net/ark:/99166/w6np25t6 -> new=http://n2t.net/ark:/99166/w6g55fhw
MERGED: old=http://n2t.net/ark:/99166/w6ng4ntp -> new=http://n2t.net/ark:/99166/w6c0702s
MERGED: old=http://n2t.net/ark:/99166/w6c82sns -> new=http://n2t.net/ark:/99166/w6ph2fzw
MERGED: old=http://n2t.net/ark:/99166/w6sb48dm -> new=http://n2t.net/ark:/99166/w64569wf
MERGED: old=http://n2t.net/ark:/99166/w6pk0h4w -> new=http://n2t.net/ark:/99166/w6tg0ncw
MERGED: old=http://n2t.net/ark:/99166/w6qn6k40 -> new=http://n2t.net/ark:/99166/w67766bn
MERGED: old=http://n2t.net/ark:/99166/w6bg2qwv -> new=http://n2t.net/ark:/99166/w6s865tt
MERGED: old=http://n2t.net/ark:/99166/w6k64jjg -> new=http://n2t.net/ark:/99166/w6t54j1k
MERGED: old=http://n2t.net/ark:/99166/w6wq0j50 -> new=http://n2t.net/ark:/99166/w62k73gg
MERGED: old=http://n2t.net/ark:/99166/w6wd40rd -> new=http://n2t.net/ark:/99166/w6tr6rkv
MERGED: old=http://n2t.net/ark:/99166/w6736qwn -> new=http://n2t.net/ark:/99166/w6xq7w0v
MERGED: old=http://n2t.net/ark:/99166/w6qz29pf -> new=http://n2t.net/ark:/99166/w6z1426w
MERGED: old=http://n2t.net/ark:/99166/w6bv7dnp -> new=http://n2t.net/ark:/99166/w6ck9691
MERGED: old=http://n2t.net/ark:/99166/w61c2g2c -> new=http://n2t.net/ark:/99166/w6qw4bqc
MERGED: old=http://n2t.net/ark:/99166/w67d34x1 -> new=http://n2t.net/ark:/99166/w6rs2pz5
MERGED: old=http://n2t.net/ark:/99166/w6q81jv9 -> new=http://n2t.net/ark:/99166/w6wx87tw
MERGED: old=http://n2t.net/ark:/99166/w6sj26fj -> new=http://n2t.net/ark:/99166/w6x74c0p
MERGED: old=http://n2t.net/ark:/99166/w6xs62qn -> new=http://n2t.net/ark:/99166/w6621sf3
MERGED: old=http://n2t.net/ark:/99166/w6gx4fqs -> new=http://n2t.net/ark:/99166/w6hj7b4k
MERGED: old=http://n2t.net/ark:/99166/w6rx9dr6 -> new=http://n2t.net/ark:/99166/w63g5f2r
MERGED: old=http://n2t.net/ark:/99166/w6t46cxk -> new=http://n2t.net/ark:/99166/w6tc1z2x
MERGED: old=http://n2t.net/ark:/99166/w68k786t -> new=http://n2t.net/ark:/99166/w68h99sx
MERGED: old=http://n2t.net/ark:/99166/w6hq4j36 -> new=http://n2t.net/ark:/99166/w6fv9d36
MERGED: old=http://n2t.net/ark:/99166/w6b85cws -> new=http://n2t.net/ark:/99166/w6039h0g
MERGED: old=http://n2t.net/ark:/99166/w6bz6n9r -> new=http://n2t.net/ark:/99166/w6b95zn1
MERGED: old=http://n2t.net/ark:/99166/w6fn191z -> new=http://n2t.net/ark:/99166/w6jr1qdt
MERGED: old=http://n2t.net/ark:/99166/w68f2m91 -> new=http://n2t.net/ark:/99166/w6941m7z
MERGED: old=http://n2t.net/ark:/99166/w67d373h -> new=http://n2t.net/ark:/99166/w6xq7xxc
MERGED: old=http://n2t.net/ark:/99166/w6445js8 -> new=http://n2t.net/ark:/99166/w65v4chs
MERGED: old=http://n2t.net/ark:/99166/w6w37vx1 -> new=http://n2t.net/ark:/99166/w6gg1kjk
MERGED: old=http://n2t.net/ark:/99166/w65f9g02 -> new=http://n2t.net/ark:/99166/w6wr0tw2
MERGED: old=http://n2t.net/ark:/99166/w68k8hzz -> new=http://n2t.net/ark:/99166/w6wb61p0
MERGED: old=http://n2t.net/ark:/99166/w6kd21cb -> new=http://n2t.net/ark:/99166/w6j20w8t
MERGED: old=http://n2t.net/ark:/99166/w6xg9vhh -> new=http://n2t.net/ark:/99166/w6mb1024
MERGED: old=http://n2t.net/ark:/99166/w62j7bz9 -> new=http://n2t.net/ark:/99166/w6qp6z8p
MERGED: old=http://n2t.net/ark:/99166/w69w28pm -> new=http://n2t.net/ark:/99166/w62p5v11
MERGED: old=http://n2t.net/ark:/99166/w6fr0ms6 -> new=http://n2t.net/ark:/99166/w67j28rf
MERGED: old=http://n2t.net/ark:/99166/w6cf9ndc -> new=http://n2t.net/ark:/99166/w6233k87
MERGED: old=http://n2t.net/ark:/99166/w69c7gv2 -> new=http://n2t.net/ark:/99166/w6j49hjz
MERGED: old=http://n2t.net/ark:/99166/w6280b5k -> new=http://n2t.net/ark:/99166/w6t54jdh
MERGED: old=http://n2t.net/ark:/99166/w6gx48nt -> new=http://n2t.net/ark:/99166/w6cs6hsz
MERGED: old=http://n2t.net/ark:/99166/w6fr0fxx -> new=http://n2t.net/ark:/99166/w6sv8dw7
MERGED: old=http://n2t.net/ark:/99166/w6280j7z -> new=http://n2t.net/ark:/99166/w65824dx
MERGED: old=http://n2t.net/ark:/99166/w6b677n2 -> new=http://n2t.net/ark:/99166/w65v4bjt
MERGED: old=http://n2t.net/ark:/99166/w6hd9mh6 -> new=http://n2t.net/ark:/99166/w677674c
MERGED: old=http://n2t.net/ark:/99166/w6g73vkp -> new=http://n2t.net/ark:/99166/w6hf8k01
MERGED: old=http://n2t.net/ark:/99166/w67083br -> new=http://n2t.net/ark:/99166/w60h49bq
MERGED: old=http://n2t.net/ark:/99166/w6gq6xv2 -> new=http://n2t.net/ark:/99166/w6k17wbb
MERGED: old=http://n2t.net/ark:/99166/w69k50h3 -> new=http://n2t.net/ark:/99166/w6sg3nn9
MERGED: old=http://n2t.net/ark:/99166/w6pc33qm -> new=http://n2t.net/ark:/99166/w69709mt
MERGED: old=http://n2t.net/ark:/99166/w6rf62t0 -> new=http://n2t.net/ark:/99166/w68736r6
MERGED: old=http://n2t.net/ark:/99166/w6nz8b5s -> new=http://n2t.net/ark:/99166/w6hf8k3c
MERGED: old=http://n2t.net/ark:/99166/w6pp0bnk -> new=http://n2t.net/ark:/99166/w6d61bzp
MERGED: old=http://n2t.net/ark:/99166/w6086d18 -> new=http://n2t.net/ark:/99166/w6cp7wxn
MERGED: old=http://n2t.net/ark:/99166/w63t9nwz -> new=http://n2t.net/ark:/99166/w6p953kw
MERGED: old=http://n2t.net/ark:/99166/w67s854t -> new=http://n2t.net/ark:/99166/w6h52h22
MERGED: old=http://n2t.net/ark:/99166/w6mh8cgf -> new=http://n2t.net/ark:/99166/w6330n0n
MERGED: old=http://n2t.net/ark:/99166/w60s07k8 -> new=http://n2t.net/ark:/99166/w6qg9j06
MERGED: old=http://n2t.net/ark:/99166/w61z45nw -> new=http://n2t.net/ark:/99166/w64z5z6w
MERGED: old=http://n2t.net/ark:/99166/w6fx7dtj -> new=http://n2t.net/ark:/99166/w6md9r1h
MERGED: old=http://n2t.net/ark:/99166/w6cz3916 -> new=http://n2t.net/ark:/99166/w68b1w6k
MERGED: old=http://n2t.net/ark:/99166/w6xd10ms -> new=http://n2t.net/ark:/99166/w65822fj
MERGED: old=http://n2t.net/ark:/99166/w6xs5xsh -> new=http://n2t.net/ark:/99166/w6p08z13
MERGED: old=http://n2t.net/ark:/99166/w61095n4 -> new=http://n2t.net/ark:/99166/w63599ff
MERGED: old=http://n2t.net/ark:/99166/w6zp5xjn -> new=http://n2t.net/ark:/99166/w6qg9ksx
MERGED: old=http://n2t.net/ark:/99166/w6cj8htr -> new=http://n2t.net/ark:/99166/w62p5shg
MERGED: old=http://n2t.net/ark:/99166/w60000s4 -> new=http://n2t.net/ark:/99166/w6193wx7
MERGED: old=http://n2t.net/ark:/99166/w6794336 -> new=http://n2t.net/ark:/99166/w68h9cpd
MERGED: old=http://n2t.net/ark:/99166/w64f1s2b -> new=http://n2t.net/ark:/99166/w697081s
MERGED: old=http://n2t.net/ark:/99166/w6445r0f -> new=http://n2t.net/ark:/99166/w6pm188h
MERGED: old=http://n2t.net/ark:/99166/w66b9tf9 -> new=http://n2t.net/ark:/99166/w67n0zhv
MERGED: old=http://n2t.net/ark:/99166/w6pn9ws2 -> new=http://n2t.net/ark:/99166/w61657g8
MERGED: old=http://n2t.net/ark:/99166/w61v63wx -> new=http://n2t.net/ark:/99166/w6tg0mrd
MERGED: old=http://n2t.net/ark:/99166/w6ns19q5 -> new=http://n2t.net/ark:/99166/w61h1d5w
MERGED: old=http://n2t.net/ark:/99166/w6nk3r9v -> new=http://n2t.net/ark:/99166/w6553ctj
MERGED: old=http://n2t.net/ark:/99166/w6m61tfm -> new=http://n2t.net/ark:/99166/w6wj3f4q
MERGED: old=http://n2t.net/ark:/99166/w6p277sk -> new=http://n2t.net/ark:/99166/w6zq506b
MERGED: old=http://n2t.net/ark:/99166/w68p6gf3 -> new=http://n2t.net/ark:/99166/w65r5m9b
MERGED: old=http://n2t.net/ark:/99166/w60v8jzn -> new=http://n2t.net/ark:/99166/w66r2q5z
MERGED: old=http://n2t.net/ark:/99166/w6bz67d4 -> new=http://n2t.net/ark:/99166/w63880w6
MERGED: old=http://n2t.net/ark:/99166/w6mw2fh7 -> new=http://n2t.net/ark:/99166/w6zx29c7
MERGED: old=http://n2t.net/ark:/99166/w6x34zr6 -> new=http://n2t.net/ark:/99166/w6qp6z20
MERGED: old=http://n2t.net/ark:/99166/w6x06tnx -> new=http://n2t.net/ark:/99166/w68f0p93
MERGED: old=http://n2t.net/ark:/99166/w6vq38qp -> new=http://n2t.net/ark:/99166/w6m14wm3
MERGED: old=http://n2t.net/ark:/99166/w6g45gkv -> new=http://n2t.net/ark:/99166/w61d2nmz
MERGED: old=http://n2t.net/ark:/99166/w6kd2pwx -> new=http://n2t.net/ark:/99166/w6tj9bqr
MERGED: old=http://n2t.net/ark:/99166/w61j9cmp -> new=http://n2t.net/ark:/99166/w6d901wq
MERGED: old=http://n2t.net/ark:/99166/w6hd8gr9 -> new=http://n2t.net/ark:/99166/w6ch0frn
MERGED: old=http://n2t.net/ark:/99166/w6wd428z -> new=http://n2t.net/ark:/99166/w6ch0ffm
MERGED: old=http://n2t.net/ark:/99166/w6vd74qf -> new=http://n2t.net/ark:/99166/w6f010c5
MERGED: old=http://n2t.net/ark:/99166/w69k4jxq -> new=http://n2t.net/ark:/99166/w6k17tkn
MERGED: old=http://n2t.net/ark:/99166/w6fr0g24 -> new=http://n2t.net/ark:/99166/w6zq4xsr
MERGED: old=http://n2t.net/ark:/99166/w683436s -> new=http://n2t.net/ark:/99166/w6xb32rg
MERGED: old=http://n2t.net/ark:/99166/w6513xnj -> new=http://n2t.net/ark:/99166/w68m82t4
MERGED: old=http://n2t.net/ark:/99166/w6qz2krn -> new=http://n2t.net/ark:/99166/w6qk8795
MERGED: old=http://n2t.net/ark:/99166/w62s4fns -> new=http://n2t.net/ark:/99166/w6fk385d
MERGED: old=http://n2t.net/ark:/99166/w63f4nb3 -> new=http://n2t.net/ark:/99166/w6hv3cjz
MERGED: old=http://n2t.net/ark:/99166/w66w9s3x -> new=http://n2t.net/ark:/99166/w6hv3g58
MERGED: old=http://n2t.net/ark:/99166/w6f00zdt -> new=http://n2t.net/ark:/99166/w68735qb
MERGED: old=http://n2t.net/ark:/99166/w69p30pm -> new=http://n2t.net/ark:/99166/w66b7tjw
MERGED: old=http://n2t.net/ark:/99166/w6nw04bt -> new=http://n2t.net/ark:/99166/w6s8689b
MERGED: old=http://n2t.net/ark:/99166/w6t72wdk -> new=http://n2t.net/ark:/99166/w6193wr0
MERGED: old=http://n2t.net/ark:/99166/w6bk1sb5 -> new=http://n2t.net/ark:/99166/w6b961ms
MERGED: old=http://n2t.net/ark:/99166/w62r7txq -> new=http://n2t.net/ark:/99166/w6553bxg
MERGED: old=http://n2t.net/ark:/99166/w60g3z3q -> new=http://n2t.net/ark:/99166/w6hj78hp
MERGED: old=http://n2t.net/ark:/99166/w6057wdb -> new=http://n2t.net/ark:/99166/w606865n
MERGED: old=http://n2t.net/ark:/99166/w6475062 -> new=http://n2t.net/ark:/99166/w6n983kq
MERGED: old=http://n2t.net/ark:/99166/w6zk5xmh -> new=http://n2t.net/ark:/99166/w6bm23x7
MERGED: old=http://n2t.net/ark:/99166/w65r5k71 -> new=http://n2t.net/ark:/99166/w6xb3464
MERGED: old=http://n2t.net/ark:/99166/w66m39b7 -> new=http://n2t.net/ark:/99166/w6qg9jjc
MERGED: old=http://n2t.net/ark:/99166/w6349v37 -> new=http://n2t.net/ark:/99166/w6gc2tjt
MERGED: old=http://n2t.net/ark:/99166/w6vx0kbd -> new=http://n2t.net/ark:/99166/w6107w84
MERGED: old=http://n2t.net/ark:/99166/w6028zj9 -> new=http://n2t.net/ark:/99166/w6vj6cx1
MERGED: old=http://n2t.net/ark:/99166/w6t72p2m -> new=http://n2t.net/ark:/99166/w6wn23t6
MERGED: old=http://n2t.net/ark:/99166/w63k430c -> new=http://n2t.net/ark:/99166/w62s4j3v
MERGED: old=http://n2t.net/ark:/99166/w6322jmw -> new=http://n2t.net/ark:/99166/w6sc4w2x
MERGED: old=http://n2t.net/ark:/99166/w6v54sp9 -> new=http://n2t.net/ark:/99166/w6zq4x81
MERGED: old=http://n2t.net/ark:/99166/w67s7m1g -> new=http://n2t.net/ark:/99166/w69706w5
MERGED: old=http://n2t.net/ark:/99166/w6hh6n6g -> new=http://n2t.net/ark:/99166/w60m314c
MERGED: old=http://n2t.net/ark:/99166/w65q67zb -> new=http://n2t.net/ark:/99166/w65z3329
MERGED: old=http://n2t.net/ark:/99166/w6ws8x01 -> new=http://n2t.net/ark:/99166/w6rw1c3w
MERGED: old=http://n2t.net/ark:/99166/w6668z28 -> new=http://n2t.net/ark:/99166/w6d61d2v
MERGED: old=http://n2t.net/ark:/99166/w66m38bt -> new=http://n2t.net/ark:/99166/w6g55dn8
MERGED: old=http://n2t.net/ark:/99166/w6f192nz -> new=http://n2t.net/ark:/99166/w6xj0gpg
MERGED: old=http://n2t.net/ark:/99166/w61v5d69 -> new=http://n2t.net/ark:/99166/w6gn8zw0
MERGED: old=http://n2t.net/ark:/99166/w6b00s3s -> new=http://n2t.net/ark:/99166/w6gv6d92
MERGED: old=http://n2t.net/ark:/99166/w6sg5m21 -> new=http://n2t.net/ark:/99166/w6r032b3
MERGED: old=http://n2t.net/ark:/99166/w6jd5gpk -> new=http://n2t.net/ark:/99166/w6jx955t
MERGED: old=http://n2t.net/ark:/99166/w6gh9ktj -> new=http://n2t.net/ark:/99166/w6fg4jhj
MERGED: old=http://n2t.net/ark:/99166/w6fq9tz0 -> new=http://n2t.net/ark:/99166/w6fg4gnh
MERGED: old=http://n2t.net/ark:/99166/w6cr6cn5 -> new=http://n2t.net/ark:/99166/w60686h4
MERGED: old=http://n2t.net/ark:/99166/w6st80zt -> new=http://n2t.net/ark:/99166/w6mq5sp1
MERGED: old=http://n2t.net/ark:/99166/w6qf8qt9 -> new=http://n2t.net/ark:/99166/w6g845t8
MERGED: old=http://n2t.net/ark:/99166/w6gh9hkk -> new=http://n2t.net/ark:/99166/w6fc5sx5
MERGED: old=http://n2t.net/ark:/99166/w69x14px -> new=http://n2t.net/ark:/99166/w6wr0vv1
MERGED: old=http://n2t.net/ark:/99166/w6fj2f3v -> new=http://n2t.net/ark:/99166/w6bq0tht
MERGED: old=http://n2t.net/ark:/99166/w6st8hpf -> new=http://n2t.net/ark:/99166/w69d7nkw
MERGED: old=http://n2t.net/ark:/99166/w6qn6h1t -> new=http://n2t.net/ark:/99166/w6kn0354
MERGED: old=http://n2t.net/ark:/99166/w6zk5k1r -> new=http://n2t.net/ark:/99166/w65j86w2
MERGED: old=http://n2t.net/ark:/99166/w6g163zk -> new=http://n2t.net/ark:/99166/w6mb11q2
MERGED: old=http://n2t.net/ark:/99166/w6kw62c3 -> new=http://n2t.net/ark:/99166/w6jf5mrg
MERGED: old=http://n2t.net/ark:/99166/w60v8hn6 -> new=http://n2t.net/ark:/99166/w60q1pfj
MERGED: old=http://n2t.net/ark:/99166/w6np25mh -> new=http://n2t.net/ark:/99166/w65z3291
MERGED: old=http://n2t.net/ark:/99166/w6474fmf -> new=http://n2t.net/ark:/99166/w62w35mp
MERGED: old=http://n2t.net/ark:/99166/w60r9nd2 -> new=http://n2t.net/ark:/99166/w6233khc
MERGED: old=http://n2t.net/ark:/99166/w69w1qjt -> new=http://n2t.net/ark:/99166/w6qg9k0m
MERGED: old=http://n2t.net/ark:/99166/w6m90c4v -> new=http://n2t.net/ark:/99166/w67t8d1q
MERGED: old=http://n2t.net/ark:/99166/w6nz880q -> new=http://n2t.net/ark:/99166/w6r031bp
MERGED: old=http://n2t.net/ark:/99166/w6nv9k7x -> new=http://n2t.net/ark:/99166/w6h52h5d
MERGED: old=http://n2t.net/ark:/99166/w6xg9qbm -> new=http://n2t.net/ark:/99166/w6s57k28
MERGED: old=http://n2t.net/ark:/99166/w6891731 -> new=http://n2t.net/ark:/99166/w6wn253m
MERGED: old=http://n2t.net/ark:/99166/w6dr37r1 -> new=http://n2t.net/ark:/99166/w68t5dcc
MERGED: old=http://n2t.net/ark:/99166/w60c4v48 -> new=http://n2t.net/ark:/99166/w62627m7
MERGED: old=http://n2t.net/ark:/99166/w62232ht -> new=http://n2t.net/ark:/99166/w6sr9pqn
MERGED: old=http://n2t.net/ark:/99166/w612605b -> new=http://n2t.net/ark:/99166/w6553c2p
MERGED: old=http://n2t.net/ark:/99166/w6833wf2 -> new=http://n2t.net/ark:/99166/w6s28rs3
MERGED: old=http://n2t.net/ark:/99166/w62f7qmb -> new=http://n2t.net/ark:/99166/w6pm168p
MERGED: old=http://n2t.net/ark:/99166/w6p56kkp -> new=http://n2t.net/ark:/99166/w6kb4093
MERGED: old=http://n2t.net/ark:/99166/w61r6rx6 -> new=http://n2t.net/ark:/99166/w6f00zk2
MERGED: old=http://n2t.net/ark:/99166/w6g16fsg -> new=http://n2t.net/ark:/99166/w6vv2h96
MERGED: old=http://n2t.net/ark:/99166/w6pr8g2b -> new=http://n2t.net/ark:/99166/w60t0fgr
MERGED: old=http://n2t.net/ark:/99166/w67w6cd5 -> new=http://n2t.net/ark:/99166/w6s28rxw
MERGED: old=http://n2t.net/ark:/99166/w66t0q7s -> new=http://n2t.net/ark:/99166/w6nd6rqn
MERGED: old=http://n2t.net/ark:/99166/w6v69mh7 -> new=http://n2t.net/ark:/99166/w69t2h2r
MERGED: old=http://n2t.net/ark:/99166/w6xg9p5z -> new=http://n2t.net/ark:/99166/w6zq4zzd
MERGED: old=http://n2t.net/ark:/99166/w6wd4b9q -> new=http://n2t.net/ark:/99166/w6107wcg
MERGED: old=http://n2t.net/ark:/99166/w62f7m2x -> new=http://n2t.net/ark:/99166/w6mm751s
MERGED: old=http://n2t.net/ark:/99166/w60z7wfq -> new=http://n2t.net/ark:/99166/w6k46mm8
MERGED: old=http://n2t.net/ark:/99166/w6bp0h6q -> new=http://n2t.net/ark:/99166/w6679496
MERGED: old=http://n2t.net/ark:/99166/w6gt5mzb -> new=http://n2t.net/ark:/99166/w6mt4hqt
MERGED: old=http://n2t.net/ark:/99166/w6ff3qwt -> new=http://n2t.net/ark:/99166/w62p5skc
MERGED: old=http://n2t.net/ark:/99166/w6r49pz8 -> new=http://n2t.net/ark:/99166/w6vb902b
MERGED: old=http://n2t.net/ark:/99166/w65q4wwj -> new=http://n2t.net/ark:/99166/w6qp6xz7
MERGED: old=http://n2t.net/ark:/99166/w6pz5cfz -> new=http://n2t.net/ark:/99166/w6n699qb
MERGED: old=http://n2t.net/ark:/99166/w6cn9z2p -> new=http://n2t.net/ark:/99166/w6nt1kgp
MERGED: old=http://n2t.net/ark:/99166/w63r0wsd -> new=http://n2t.net/ark:/99166/w69q3s1z
MERGED: old=http://n2t.net/ark:/99166/w63b6j77 -> new=http://n2t.net/ark:/99166/w6t837qg
MERGED: old=http://n2t.net/ark:/99166/w68g9m57 -> new=http://n2t.net/ark:/99166/w6wx87r0
MERGED: old=http://n2t.net/ark:/99166/w63r13tq -> new=http://n2t.net/ark:/99166/w6rw1ct9
MERGED: old=http://n2t.net/ark:/99166/w6k67p4w -> new=http://n2t.net/ark:/99166/w6zt3n6g
MERGED: old=http://n2t.net/ark:/99166/w67h1m6p -> new=http://n2t.net/ark:/99166/w6j78721
MERGED: old=http://n2t.net/ark:/99166/w61270t7 -> new=http://n2t.net/ark:/99166/w6dp4w15
MERGED: old=http://n2t.net/ark:/99166/w6r501xw -> new=http://n2t.net/ark:/99166/w6m14vvt
MERGED: old=http://n2t.net/ark:/99166/w6bp017c -> new=http://n2t.net/ark:/99166/w6p08ztd
MERGED: old=http://n2t.net/ark:/99166/w66d5w7m -> new=http://n2t.net/ark:/99166/w6z42p55
MERGED: old=http://n2t.net/ark:/99166/w6m32xnw -> new=http://n2t.net/ark:/99166/w6gn9004
MERGED: old=http://n2t.net/ark:/99166/w64q81wd -> new=http://n2t.net/ark:/99166/w62w384n
MERGED: old=http://n2t.net/ark:/99166/w6wh34rq -> new=http://n2t.net/ark:/99166/w6039gnk
MERGED: old=http://n2t.net/ark:/99166/w6x92qn8 -> new=http://n2t.net/ark:/99166/w6n982gz
MERGED: old=http://n2t.net/ark:/99166/w6j9672z -> new=http://n2t.net/ark:/99166/w6hf8mcc
MERGED: old=http://n2t.net/ark:/99166/w6ht3r91 -> new=http://n2t.net/ark:/99166/w69m543q
MERGED: old=http://n2t.net/ark:/99166/w6nz89dh -> new=http://n2t.net/ark:/99166/w68x44hh
MERGED: old=http://n2t.net/ark:/99166/w6dn4944 -> new=http://n2t.net/ark:/99166/w6t25wpk
MERGED: old=http://n2t.net/ark:/99166/w69w0t66 -> new=http://n2t.net/ark:/99166/w6xf1r22
MERGED: old=http://n2t.net/ark:/99166/w6fx7pm5 -> new=http://n2t.net/ark:/99166/w69q3s7n
MERGED: old=http://n2t.net/ark:/99166/w6tx42nf -> new=http://n2t.net/ark:/99166/w6qd0tjk
MERGED: old=http://n2t.net/ark:/99166/w69g5mb8 -> new=http://n2t.net/ark:/99166/w6zd8t12
MERGED: old=http://n2t.net/ark:/99166/w6x66rjt -> new=http://n2t.net/ark:/99166/w6sc4z4n
MERGED: old=http://n2t.net/ark:/99166/w6154rcd -> new=http://n2t.net/ark:/99166/w6gk09s2
MERGED: old=http://n2t.net/ark:/99166/w6gx5f8b -> new=http://n2t.net/ark:/99166/w61m024z
MERGED: old=http://n2t.net/ark:/99166/w60k3wq0 -> new=http://n2t.net/ark:/99166/w64c3rzn
MERGED: old=http://n2t.net/ark:/99166/w65x2jtt -> new=http://n2t.net/ark:/99166/w6md9pkv
MERGED: old=http://n2t.net/ark:/99166/w66w9cxq -> new=http://n2t.net/ark:/99166/w6zd8vx4
MERGED: old=http://n2t.net/ark:/99166/w6zp4g15 -> new=http://n2t.net/ark:/99166/w6nq2w1x
MERGED: old=http://n2t.net/ark:/99166/w6np24zk -> new=http://n2t.net/ark:/99166/w6gn8zc8
MERGED: old=http://n2t.net/ark:/99166/w67f5w6t -> new=http://n2t.net/ark:/99166/w60q1s2v
MERGED: old=http://n2t.net/ark:/99166/w6dn470h -> new=http://n2t.net/ark:/99166/w64v792z
MERGED: old=http://n2t.net/ark:/99166/w6sb4jt9 -> new=http://n2t.net/ark:/99166/w62c9p38
MERGED: old=http://n2t.net/ark:/99166/w6222s46 -> new=http://n2t.net/ark:/99166/w6233ktd
MERGED: old=http://n2t.net/ark:/99166/w6k93d5j -> new=http://n2t.net/ark:/99166/w6fp1x7f
MERGED: old=http://n2t.net/ark:/99166/w6r78hmc -> new=http://n2t.net/ark:/99166/w6zb040m
MERGED: old=http://n2t.net/ark:/99166/w6ff3qbn -> new=http://n2t.net/ark:/99166/w65r5p5c
MERGED: old=http://n2t.net/ark:/99166/w6932vmt -> new=http://n2t.net/ark:/99166/w6fs0nn5
MERGED: old=http://n2t.net/ark:/99166/w6f351vd -> new=http://n2t.net/ark:/99166/w6hb9z72
MERGED: old=http://n2t.net/ark:/99166/w61z46wf -> new=http://n2t.net/ark:/99166/w6gz520j
MERGED: old=http://n2t.net/ark:/99166/w6bk19fq -> new=http://n2t.net/ark:/99166/w6cd1qz0
MERGED: old=http://n2t.net/ark:/99166/w6pv6hhv -> new=http://n2t.net/ark:/99166/w6039fsz
MERGED: old=http://n2t.net/ark:/99166/w6b01fmr -> new=http://n2t.net/ark:/99166/w6fz82bv
MERGED: old=http://n2t.net/ark:/99166/w6tq746h -> new=http://n2t.net/ark:/99166/w6h52ghg
MERGED: old=http://n2t.net/ark:/99166/w64f1rv7 -> new=http://n2t.net/ark:/99166/w6wj3h4j
MERGED: old=http://n2t.net/ark:/99166/w6m043ks -> new=http://n2t.net/ark:/99166/w6jx94wt
MERGED: old=http://n2t.net/ark:/99166/w6nc6608 -> new=http://n2t.net/ark:/99166/w69d7qgc
MERGED: old=http://n2t.net/ark:/99166/w69t68ss -> new=http://n2t.net/ark:/99166/w6r0318s
MERGED: old=http://n2t.net/ark:/99166/w62n5jmk -> new=http://n2t.net/ark:/99166/w6s57js8
MERGED: old=http://n2t.net/ark:/99166/w63t9fps -> new=http://n2t.net/ark:/99166/w6j20w5g
MERGED: old=http://n2t.net/ark:/99166/w6125r2q -> new=http://n2t.net/ark:/99166/w6qp70pv
MERGED: old=http://n2t.net/ark:/99166/w6tt4pr6 -> new=http://n2t.net/ark:/99166/w6553d5f
MERGED: old=http://n2t.net/ark:/99166/w63x8f82 -> new=http://n2t.net/ark:/99166/w6g26std
MERGED: old=http://n2t.net/ark:/99166/w6tb15sg -> new=http://n2t.net/ark:/99166/w66793pq
MERGED: old=http://n2t.net/ark:/99166/w6b677qz -> new=http://n2t.net/ark:/99166/w6tg0q7x
MERGED: old=http://n2t.net/ark:/99166/w6233hs4 -> new=http://n2t.net/ark:/99166/w6xj0gvq
MERGED: old=http://n2t.net/ark:/99166/w6b95z49 -> new=http://n2t.net/ark:/99166/w6q925wx
MERGED: old=http://n2t.net/ark:/99166/w6kk9x4b -> new=http://n2t.net/ark:/99166/w6w48pch
MERGED: old=http://n2t.net/ark:/99166/w6kw5d9z -> new=http://n2t.net/ark:/99166/w62628w7
MERGED: old=http://n2t.net/ark:/99166/w69z9fgb -> new=http://n2t.net/ark:/99166/w6sc4vz5
MERGED: old=http://n2t.net/ark:/99166/w6bv7k6x -> new=http://n2t.net/ark:/99166/w69709n8
MERGED: old=http://n2t.net/ark:/99166/w6bp011p -> new=http://n2t.net/ark:/99166/w6zd8t9n
MERGED: old=http://n2t.net/ark:/99166/w69s1pvd -> new=http://n2t.net/ark:/99166/w677672g
MERGED: old=http://n2t.net/ark:/99166/w6dj5xkr -> new=http://n2t.net/ark:/99166/w6jv0hgw
MERGED: old=http://n2t.net/ark:/99166/w6571jwf -> new=http://n2t.net/ark:/99166/w6fc5vx0
MERGED: old=http://n2t.net/ark:/99166/w64f1sjm -> new=http://n2t.net/ark:/99166/w6wf4r6p
MERGED: old=http://n2t.net/ark:/99166/w6r49rsv -> new=http://n2t.net/ark:/99166/w6c06zsd
MERGED: old=http://n2t.net/ark:/99166/w6gm8726 -> new=http://n2t.net/ark:/99166/w6hb9vk9
MERGED: old=http://n2t.net/ark:/99166/w6tm7tgb -> new=http://n2t.net/ark:/99166/w6cd1ssk
MERGED: old=http://n2t.net/ark:/99166/w63x86xp -> new=http://n2t.net/ark:/99166/w6vf7qf7
MERGED: old=http://n2t.net/ark:/99166/w63r10ms -> new=http://n2t.net/ark:/99166/w6d03xd7
MERGED: old=http://n2t.net/ark:/99166/w661110t -> new=http://n2t.net/ark:/99166/w6qw4ch3
MERGED: old=http://n2t.net/ark:/99166/w6280jj0 -> new=http://n2t.net/ark:/99166/w6107tkb
MERGED: old=http://n2t.net/ark:/99166/w6x63q77 -> new=http://n2t.net/ark:/99166/w6bh3d3j
MERGED: old=http://n2t.net/ark:/99166/w6kw5g6f -> new=http://n2t.net/ark:/99166/w6wb60mp
MERGED: old=http://n2t.net/ark:/99166/w64q7thm -> new=http://n2t.net/ark:/99166/w6x45p8b
MERGED: old=http://n2t.net/ark:/99166/w6xf1qn8 -> new=http://n2t.net/ark:/99166/w68m82zx
MERGED: old=http://n2t.net/ark:/99166/w6t836d1 -> new=http://n2t.net/ark:/99166/w6tz45h7
MERGED: old=http://n2t.net/ark:/99166/w6dz129f -> new=http://n2t.net/ark:/99166/w6xj0gn1
MERGED: old=http://n2t.net/ark:/99166/w62b8xj8 -> new=http://n2t.net/ark:/99166/w6jr1sc6
MERGED: old=http://n2t.net/ark:/99166/w6q531gw -> new=http://n2t.net/ark:/99166/w6sc4zv2
MERGED: old=http://n2t.net/ark:/99166/w6416w0f -> new=http://n2t.net/ark:/99166/w6mm762n
MERGED: old=http://n2t.net/ark:/99166/w64n1809 -> new=http://n2t.net/ark:/99166/w61p8r6v
MERGED: old=http://n2t.net/ark:/99166/w6c544p3 -> new=http://n2t.net/ark:/99166/w6rp41n0
MERGED: old=http://n2t.net/ark:/99166/w6h993gh -> new=http://n2t.net/ark:/99166/w6fc5sfw
MERGED: old=http://n2t.net/ark:/99166/w6j109pt -> new=http://n2t.net/ark:/99166/w6fk38wt
MERGED: old=http://n2t.net/ark:/99166/w6377hfv -> new=http://n2t.net/ark:/99166/w6nh5dxv
MERGED: old=http://n2t.net/ark:/99166/w66q1zq9 -> new=http://n2t.net/ark:/99166/w6jb6wr4
MERGED: old=http://n2t.net/ark:/99166/w6m33gzx -> new=http://n2t.net/ark:/99166/w6zx2b89
MERGED: old=http://n2t.net/ark:/99166/w6pk1skd -> new=http://n2t.net/ark:/99166/w68h9cqv
MERGED: old=http://n2t.net/ark:/99166/w6qz283d -> new=http://n2t.net/ark:/99166/w67n11t3
MERGED: old=http://n2t.net/ark:/99166/w6mk6nr8 -> new=http://n2t.net/ark:/99166/w69q3tfr
MERGED: old=http://n2t.net/ark:/99166/w62b8xkq -> new=http://n2t.net/ark:/99166/w6sg3nb8
MERGED: old=http://n2t.net/ark:/99166/w6fx7csp -> new=http://n2t.net/ark:/99166/w63p2wc3
MERGED: old=http://n2t.net/ark:/99166/w60r9qmk -> new=http://n2t.net/ark:/99166/w63w07b3
MERGED: old=http://n2t.net/ark:/99166/w6mp51rg -> new=http://n2t.net/ark:/99166/w6mh8gbw
MERGED: old=http://n2t.net/ark:/99166/w63n2343 -> new=http://n2t.net/ark:/99166/w65f9h5q
MERGED: old=http://n2t.net/ark:/99166/w6q52pfx -> new=http://n2t.net/ark:/99166/w64v79hs
MERGED: old=http://n2t.net/ark:/99166/w67w6mwb -> new=http://n2t.net/ark:/99166/w6xq7vcc
MERGED: old=http://n2t.net/ark:/99166/w6mg7qn3 -> new=http://n2t.net/ark:/99166/w6524ppt
MERGED: old=http://n2t.net/ark:/99166/w66h4jj5 -> new=http://n2t.net/ark:/99166/w6s57hh8
MERGED: old=http://n2t.net/ark:/99166/w6mp52v7 -> new=http://n2t.net/ark:/99166/w6qp6xrj
MERGED: old=http://n2t.net/ark:/99166/w6wh2s3p -> new=http://n2t.net/ark:/99166/w6cs6jfw
MERGED: old=http://n2t.net/ark:/99166/w6d50mjw -> new=http://n2t.net/ark:/99166/w6c35pcc
MERGED: old=http://n2t.net/ark:/99166/w62z154b -> new=http://n2t.net/ark:/99166/w6621qr9
MERGED: old=http://n2t.net/ark:/99166/w69p31rx -> new=http://n2t.net/ark:/99166/w6hb9wfx
MERGED: old=http://n2t.net/ark:/99166/w6mc95rj -> new=http://n2t.net/ark:/99166/w69h6dwp
MERGED: old=http://n2t.net/ark:/99166/w63n233n -> new=http://n2t.net/ark:/99166/w68q6pzn
MERGED: old=http://n2t.net/ark:/99166/w6xq71z2 -> new=http://n2t.net/ark:/99166/w66n3z39
MERGED: old=http://n2t.net/ark:/99166/w6nc5ztr -> new=http://n2t.net/ark:/99166/w66b7twc
MERGED: old=http://n2t.net/ark:/99166/w6j10b42 -> new=http://n2t.net/ark:/99166/w6ps8kcz
MERGED: old=http://n2t.net/ark:/99166/w6pn95hs -> new=http://n2t.net/ark:/99166/w6fs0mxb
MERGED: old=http://n2t.net/ark:/99166/w6k64jdp -> new=http://n2t.net/ark:/99166/w6bs9hss
MERGED: old=http://n2t.net/ark:/99166/w6r50475 -> new=http://n2t.net/ark:/99166/w6zt3p8s
MERGED: old=http://n2t.net/ark:/99166/w61g0jsw -> new=http://n2t.net/ark:/99166/w6bq0s4g
MERGED: old=http://n2t.net/ark:/99166/w6qw49k5 -> new=http://n2t.net/ark:/99166/w69x15nw
MERGED: old=http://n2t.net/ark:/99166/w6gz51gd -> new=http://n2t.net/ark:/99166/w6nq2xct
MERGED: old=http://n2t.net/ark:/99166/w6gx4ds8 -> new=http://n2t.net/ark:/99166/w6rg6k4k
MERGED: old=http://n2t.net/ark:/99166/w6v41491 -> new=http://n2t.net/ark:/99166/w6ph2h96
MERGED: old=http://n2t.net/ark:/99166/w6gf0txp -> new=http://n2t.net/ark:/99166/w6fg4k5g
MERGED: old=http://n2t.net/ark:/99166/w6b38jcj -> new=http://n2t.net/ark:/99166/w6650f4k
MERGED: old=http://n2t.net/ark:/99166/w69g5k1t -> new=http://n2t.net/ark:/99166/w69h6cvt
MERGED: old=http://n2t.net/ark:/99166/w6f48jd8 -> new=http://n2t.net/ark:/99166/w67f3kjt
MERGED: old=http://n2t.net/ark:/99166/w69w0hjz -> new=http://n2t.net/ark:/99166/w6dk66bn
MERGED: old=http://n2t.net/ark:/99166/w6vf7njr -> new=http://n2t.net/ark:/99166/w6fg4hpc
MERGED: old=http://n2t.net/ark:/99166/w6sj1kg5 -> new=http://n2t.net/ark:/99166/w6fp1z89
MERGED: old=http://n2t.net/ark:/99166/w6q81bxq -> new=http://n2t.net/ark:/99166/w6v808sz
MERGED: old=http://n2t.net/ark:/99166/w6bv7h9f -> new=http://n2t.net/ark:/99166/w6tz45t8
MERGED: old=http://n2t.net/ark:/99166/w6fn1k4m -> new=http://n2t.net/ark:/99166/w61s7fnm
MERGED: old=http://n2t.net/ark:/99166/w63n5dzq -> new=http://n2t.net/ark:/99166/w6k758hf
MERGED: old=http://n2t.net/ark:/99166/w61n8db5 -> new=http://n2t.net/ark:/99166/w6z140t4
MERGED: old=http://n2t.net/ark:/99166/w6m61vhx -> new=http://n2t.net/ark:/99166/w6f29rqg
MERGED: old=http://n2t.net/ark:/99166/w6dv1tw4 -> new=http://n2t.net/ark:/99166/w64n9vmf
MERGED: old=http://n2t.net/ark:/99166/w6qj7r86 -> new=http://n2t.net/ark:/99166/w61h1bxx
MERGED: old=http://n2t.net/ark:/99166/w6wd4b4g -> new=http://n2t.net/ark:/99166/w6d32pq1
MERGED: old=http://n2t.net/ark:/99166/w6815rpm -> new=http://n2t.net/ark:/99166/w6039fz6
MERGED: old=http://n2t.net/ark:/99166/w6tt4tbg -> new=http://n2t.net/ark:/99166/w6h816sd
MERGED: old=http://n2t.net/ark:/99166/w63b61d8 -> new=http://n2t.net/ark:/99166/w68q6qw5
MERGED: old=http://n2t.net/ark:/99166/w6c930bz -> new=http://n2t.net/ark:/99166/w6r60gqx
MERGED: old=http://n2t.net/ark:/99166/w66t3zgz -> new=http://n2t.net/ark:/99166/w6g55drm
MERGED: old=http://n2t.net/ark:/99166/w6th8kxm -> new=http://n2t.net/ark:/99166/w65z3185
MERGED: old=http://n2t.net/ark:/99166/w6v40tkh -> new=http://n2t.net/ark:/99166/w6nm453v
MERGED: old=http://n2t.net/ark:/99166/w63f4p3c -> new=http://n2t.net/ark:/99166/w68b1x43
MERGED: old=http://n2t.net/ark:/99166/w6x065dx -> new=http://n2t.net/ark:/99166/w6204wfj
MERGED: old=http://n2t.net/ark:/99166/w64q7t1b -> new=http://n2t.net/ark:/99166/w6w779rj
MERGED: old=http://n2t.net/ark:/99166/w6nc62pk -> new=http://n2t.net/ark:/99166/w6gr7p5x
MERGED: old=http://n2t.net/ark:/99166/w6v989t6 -> new=http://n2t.net/ark:/99166/w6wx883w
MERGED: old=http://n2t.net/ark:/99166/w6v127gv -> new=http://n2t.net/ark:/99166/w6rp41bz
MERGED: old=http://n2t.net/ark:/99166/w60w172z -> new=http://n2t.net/ark:/99166/w6pw7b0s
MERGED: old=http://n2t.net/ark:/99166/w6h70h77 -> new=http://n2t.net/ark:/99166/w68f0m5g
MERGED: old=http://n2t.net/ark:/99166/w6z91j5v -> new=http://n2t.net/ark:/99166/w6r60fwr
MERGED: old=http://n2t.net/ark:/99166/w6ft8mn4 -> new=http://n2t.net/ark:/99166/w6kq8swj
MERGED: old=http://n2t.net/ark:/99166/w6ng4spj -> new=http://n2t.net/ark:/99166/w6cs6jc0
MERGED: old=http://n2t.net/ark:/99166/w69s1rx4 -> new=http://n2t.net/ark:/99166/w6xj0gmk
MERGED: old=http://n2t.net/ark:/99166/w6pn98h1 -> new=http://n2t.net/ark:/99166/w6sz73h7
MERGED: old=http://n2t.net/ark:/99166/w64q82r1 -> new=http://n2t.net/ark:/99166/w6gc2x4p
MERGED: old=http://n2t.net/ark:/99166/w6zw1s5m -> new=http://n2t.net/ark:/99166/w6kx668r
MERGED: old=http://n2t.net/ark:/99166/w60p19g3 -> new=http://n2t.net/ark:/99166/w67q9rd4
MERGED: old=http://n2t.net/ark:/99166/w6j10qrp -> new=http://n2t.net/ark:/99166/w63s1h6z
MERGED: old=http://n2t.net/ark:/99166/w65j8591 -> new=http://n2t.net/ark:/99166/w65r5mbs
MERGED: old=http://n2t.net/ark:/99166/w6xw4z6z -> new=http://n2t.net/ark:/99166/w6v51kvx
MERGED: old=http://n2t.net/ark:/99166/w62806mr -> new=http://n2t.net/ark:/99166/w6hb9x0h
MERGED: old=http://n2t.net/ark:/99166/w6xs641h -> new=http://n2t.net/ark:/99166/w6w77bc1
MERGED: old=http://n2t.net/ark:/99166/w62b8wq3 -> new=http://n2t.net/ark:/99166/w6cp7vdh
MERGED: old=http://n2t.net/ark:/99166/w6st8438 -> new=http://n2t.net/ark:/99166/w6w779vw
MERGED: old=http://n2t.net/ark:/99166/w6wd3zvz -> new=http://n2t.net/ark:/99166/w6998xfr
MERGED: old=http://n2t.net/ark:/99166/w6x71hx9 -> new=http://n2t.net/ark:/99166/w6jf5n3c
MERGED: old=http://n2t.net/ark:/99166/w6hq416b -> new=http://n2t.net/ark:/99166/w6p37r4m
MERGED: old=http://n2t.net/ark:/99166/w6fv98zr -> new=http://n2t.net/ark:/99166/w6nx07m0
MERGED: old=http://n2t.net/ark:/99166/w6ns0v57 -> new=http://n2t.net/ark:/99166/w68x467r
MERGED: old=http://n2t.net/ark:/99166/w6g26q18 -> new=http://n2t.net/ark:/99166/w6cp7v78
MERGED: old=http://n2t.net/ark:/99166/w6ws8wsx -> new=http://n2t.net/ark:/99166/w63g5cx4
MERGED: old=http://n2t.net/ark:/99166/w6dj5d2t -> new=http://n2t.net/ark:/99166/w6rp3z99
MERGED: old=http://n2t.net/ark:/99166/w61839wd -> new=http://n2t.net/ark:/99166/w6427n7d
MERGED: old=http://n2t.net/ark:/99166/w6zp44sw -> new=http://n2t.net/ark:/99166/w64r8k2m
MERGED: old=http://n2t.net/ark:/99166/w6z89jr5 -> new=http://n2t.net/ark:/99166/w6h23ss4
MERGED: old=http://n2t.net/ark:/99166/w6fj2p1v -> new=http://n2t.net/ark:/99166/w6k17vk2
MERGED: old=http://n2t.net/ark:/99166/w6cn71xz -> new=http://n2t.net/ark:/99166/w6359cjm
MERGED: old=http://n2t.net/ark:/99166/w6k65bbp -> new=http://n2t.net/ark:/99166/w6ch0h0m
MERGED: old=http://n2t.net/ark:/99166/w6k075q7 -> new=http://n2t.net/ark:/99166/w6dw2b0d
MERGED: old=http://n2t.net/ark:/99166/w6cz41tk -> new=http://n2t.net/ark:/99166/w6010shd
MERGED: old=http://n2t.net/ark:/99166/w6wm1bgw -> new=http://n2t.net/ark:/99166/w6fs0m24
MERGED: old=http://n2t.net/ark:/99166/w6073n3k -> new=http://n2t.net/ark:/99166/w6rg6mtz
MERGED: old=http://n2t.net/ark:/99166/w61n7ztp -> new=http://n2t.net/ark:/99166/w6h52h4z
MERGED: old=http://n2t.net/ark:/99166/w6377ngz -> new=http://n2t.net/ark:/99166/w6hz233g
MERGED: old=http://n2t.net/ark:/99166/w69z973x -> new=http://n2t.net/ark:/99166/w6wx89hp
MERGED: old=http://n2t.net/ark:/99166/w65x280r -> new=http://n2t.net/ark:/99166/w6bq0t03
MERGED: old=http://n2t.net/ark:/99166/w63z8wtz -> new=http://n2t.net/ark:/99166/w6qw4dg2
MERGED: old=http://n2t.net/ark:/99166/w6z60wjh -> new=http://n2t.net/ark:/99166/w6sr9r2z
MERGED: old=http://n2t.net/ark:/99166/w6tz5rtp -> new=http://n2t.net/ark:/99166/w6330nmq
MERGED: old=http://n2t.net/ark:/99166/w63f4p75 -> new=http://n2t.net/ark:/99166/w6m72c6t
MERGED: old=http://n2t.net/ark:/99166/w6f872gc -> new=http://n2t.net/ark:/99166/w6c06xs0
MERGED: old=http://n2t.net/ark:/99166/w6708kqg -> new=http://n2t.net/ark:/99166/w64g2dxq
MERGED: old=http://n2t.net/ark:/99166/w6fn1dfk -> new=http://n2t.net/ark:/99166/w6m14wcz
MERGED: old=http://n2t.net/ark:/99166/w6kw5dkj -> new=http://n2t.net/ark:/99166/w67j28tb
MERGED: old=http://n2t.net/ark:/99166/w6s0026g -> new=http://n2t.net/ark:/99166/w6f873mk
MERGED: old=http://n2t.net/ark:/99166/w6kk99rz -> new=http://n2t.net/ark:/99166/w6jn31s6
MERGED: old=http://n2t.net/ark:/99166/w6nc6dhg -> new=http://n2t.net/ark:/99166/w6cs6jj7
MERGED: old=http://n2t.net/ark:/99166/w6js9rsj -> new=http://n2t.net/ark:/99166/w6010scm
MERGED: old=http://n2t.net/ark:/99166/w60v8j6s -> new=http://n2t.net/ark:/99166/w6f875h2
MERGED: old=http://n2t.net/ark:/99166/w69s1t8f -> new=http://n2t.net/ark:/99166/w6xt6jxg
MERGED: old=http://n2t.net/ark:/99166/w6jm2876 -> new=http://n2t.net/ark:/99166/w6fv9bj6
MERGED: old=http://n2t.net/ark:/99166/w68w3m0v -> new=http://n2t.net/ark:/99166/w6t83971
MERGED: old=http://n2t.net/ark:/99166/w6708mrb -> new=http://n2t.net/ark:/99166/w6ch0dbv
MERGED: old=http://n2t.net/ark:/99166/w6fx7m6z -> new=http://n2t.net/ark:/99166/w6456cxq
MERGED: old=http://n2t.net/ark:/99166/w6w48kkz -> new=http://n2t.net/ark:/99166/w6b960dp
MERGED: old=http://n2t.net/ark:/99166/w6930t5t -> new=http://n2t.net/ark:/99166/w6h52g16
MERGED: old=http://n2t.net/ark:/99166/w6v1266v -> new=http://n2t.net/ark:/99166/w6xb349g
MERGED: old=http://n2t.net/ark:/99166/w68s4pm3 -> new=http://n2t.net/ark:/99166/w6b960h1
MERGED: old=http://n2t.net/ark:/99166/w6tn815h -> new=http://n2t.net/ark:/99166/w6bs9j71
MERGED: old=http://n2t.net/ark:/99166/w697001g -> new=http://n2t.net/ark:/99166/w6bm23j9
MERGED: old=http://n2t.net/ark:/99166/w6z60r7t -> new=http://n2t.net/ark:/99166/w6q9253m
MERGED: old=http://n2t.net/ark:/99166/w6bc41w9 -> new=http://n2t.net/ark:/99166/w6zx2bms
MERGED: old=http://n2t.net/ark:/99166/w6jq1b3w -> new=http://n2t.net/ark:/99166/w66n3z8j
MERGED: old=http://n2t.net/ark:/99166/w6bp2zgf -> new=http://n2t.net/ark:/99166/w6rp3zf3
MERGED: old=http://n2t.net/ark:/99166/w6w958gg -> new=http://n2t.net/ark:/99166/w6621qz0
MERGED: old=http://n2t.net/ark:/99166/w6b020pn -> new=http://n2t.net/ark:/99166/w69q3scf
MERGED: old=http://n2t.net/ark:/99166/w6dz0v7p -> new=http://n2t.net/ark:/99166/w6718tf4
MERGED: old=http://n2t.net/ark:/99166/w6765wd3 -> new=http://n2t.net/ark:/99166/w61p8r5d
MERGED: old=http://n2t.net/ark:/99166/w6qv3nv5 -> new=http://n2t.net/ark:/99166/w6c64b90
MERGED: old=http://n2t.net/ark:/99166/w63n2fjm -> new=http://n2t.net/ark:/99166/w6md9rgb
MERGED: old=http://n2t.net/ark:/99166/w6bp03bj -> new=http://n2t.net/ark:/99166/w62g8fd2
MERGED: old=http://n2t.net/ark:/99166/w64b37mm -> new=http://n2t.net/ark:/99166/w69m51fz
MERGED: old=http://n2t.net/ark:/99166/w6d0595d -> new=http://n2t.net/ark:/99166/w6jj4bj4
MERGED: old=http://n2t.net/ark:/99166/w651407c -> new=http://n2t.net/ark:/99166/w6v51mm6
MERGED: old=http://n2t.net/ark:/99166/w6n59c5n -> new=http://n2t.net/ark:/99166/w6rg6k8c
MERGED: old=http://n2t.net/ark:/99166/w6m726tt -> new=http://n2t.net/ark:/99166/w6w19x2q
MERGED: old=http://n2t.net/ark:/99166/w6zc880n -> new=http://n2t.net/ark:/99166/w65n6w39
MERGED: old=http://n2t.net/ark:/99166/w6222sxh -> new=http://n2t.net/ark:/99166/w6z42rhg
MERGED: old=http://n2t.net/ark:/99166/w6hm5btg -> new=http://n2t.net/ark:/99166/w6jb6xz7
MERGED: old=http://n2t.net/ark:/99166/w6z03890 -> new=http://n2t.net/ark:/99166/w6kb41h6
MERGED: old=http://n2t.net/ark:/99166/w6xk9vxx -> new=http://n2t.net/ark:/99166/w6xj0g9j
MERGED: old=http://n2t.net/ark:/99166/w68g8m7r -> new=http://n2t.net/ark:/99166/w65j86sq
MERGED: old=http://n2t.net/ark:/99166/w6zg6r7v -> new=http://n2t.net/ark:/99166/w6sc4zpt
MERGED: old=http://n2t.net/ark:/99166/w67p95c9 -> new=http://n2t.net/ark:/99166/w60m317q
MERGED: old=http://n2t.net/ark:/99166/w6ks6qhq -> new=http://n2t.net/ark:/99166/w6qs5n92
MERGED: old=http://n2t.net/ark:/99166/w6959pts -> new=http://n2t.net/ark:/99166/w6c35pk2
MERGED: old=http://n2t.net/ark:/99166/w6qz2j45 -> new=http://n2t.net/ark:/99166/w64v78rh
MERGED: old=http://n2t.net/ark:/99166/w6ms3qtx -> new=http://n2t.net/ark:/99166/w6x74dnm
MERGED: old=http://n2t.net/ark:/99166/w6zg6rs1 -> new=http://n2t.net/ark:/99166/w6zt3kwm
MERGED: old=http://n2t.net/ark:/99166/w6w3878f -> new=http://n2t.net/ark:/99166/w6wj3fpw
MERGED: old=http://n2t.net/ark:/99166/w6xs8zwd -> new=http://n2t.net/ark:/99166/w6pp9wrz
MERGED: old=http://n2t.net/ark:/99166/w64x5t40 -> new=http://n2t.net/ark:/99166/w6fs0p4v
MERGED: old=http://n2t.net/ark:/99166/w6bg6rj9 -> new=http://n2t.net/ark:/99166/w64k177b
MERGED: old=http://n2t.net/ark:/99166/w6fn17xs -> new=http://n2t.net/ark:/99166/w6b09xqx
MERGED: old=http://n2t.net/ark:/99166/w6d79frm -> new=http://n2t.net/ark:/99166/w6zt3mmf
MERGED: old=http://n2t.net/ark:/99166/w6th8kpg -> new=http://n2t.net/ark:/99166/w6s866k3
MERGED: old=http://n2t.net/ark:/99166/w6543w4f -> new=http://n2t.net/ark:/99166/w6h816dg
MERGED: old=http://n2t.net/ark:/99166/w6ms3tw2 -> new=http://n2t.net/ark:/99166/w6bs9hpf
MERGED: old=http://n2t.net/ark:/99166/w68w3nbr -> new=http://n2t.net/ark:/99166/w67764sn
MERGED: old=http://n2t.net/ark:/99166/w6p26w4j -> new=http://n2t.net/ark:/99166/w6cp7w10
MERGED: old=http://n2t.net/ark:/99166/w6j39cs3 -> new=http://n2t.net/ark:/99166/w6d32qnj
MERGED: old=http://n2t.net/ark:/99166/w61n8121 -> new=http://n2t.net/ark:/99166/w60m310k
MERGED: old=http://n2t.net/ark:/99166/w6tq6803 -> new=http://n2t.net/ark:/99166/w6p091s5
MERGED: old=http://n2t.net/ark:/99166/w64t6p1b -> new=http://n2t.net/ark:/99166/w6zh7k7h
MERGED: old=http://n2t.net/ark:/99166/w6ps26gg -> new=http://n2t.net/ark:/99166/w6ds3nh6
MERGED: old=http://n2t.net/ark:/99166/w6ws9dhx -> new=http://n2t.net/ark:/99166/w6tg0ndb
MERGED: old=http://n2t.net/ark:/99166/w6nz8tzw -> new=http://n2t.net/ark:/99166/w6pm16v9
MERGED: old=http://n2t.net/ark:/99166/w6ft8k6w -> new=http://n2t.net/ark:/99166/w6s865sc
MERGED: old=http://n2t.net/ark:/99166/w6f60dj2 -> new=http://n2t.net/ark:/99166/w63599q1
MERGED: old=http://n2t.net/ark:/99166/w6b28f8m -> new=http://n2t.net/ark:/99166/w6sg3m9d
MERGED: old=http://n2t.net/ark:/99166/w6ww7mm1 -> new=http://n2t.net/ark:/99166/w6h52hjb
MERGED: old=http://n2t.net/ark:/99166/w6hd7ss3 -> new=http://n2t.net/ark:/99166/w6j49kff
MERGED: old=http://n2t.net/ark:/99166/w6np28jv -> new=http://n2t.net/ark:/99166/w6bs9gkp
MERGED: old=http://n2t.net/ark:/99166/w61z4k9c -> new=http://n2t.net/ark:/99166/w6qs5nj6
MERGED: old=http://n2t.net/ark:/99166/w6057f9m -> new=http://n2t.net/ark:/99166/w6bq0s7t
MERGED: old=http://n2t.net/ark:/99166/w6qc06xq -> new=http://n2t.net/ark:/99166/w6sc4wrw
MERGED: old=http://n2t.net/ark:/99166/w6w09k8x -> new=http://n2t.net/ark:/99166/w6q63f6m
MERGED: old=http://n2t.net/ark:/99166/w6ft8ndd -> new=http://n2t.net/ark:/99166/w6524pwh
MERGED: old=http://n2t.net/ark:/99166/w64751xw -> new=http://n2t.net/ark:/99166/w6jx959m
MERGED: old=http://n2t.net/ark:/99166/w6tt51zd -> new=http://n2t.net/ark:/99166/w6z42rpq
MERGED: old=http://n2t.net/ark:/99166/w6pc343z -> new=http://n2t.net/ark:/99166/w6mh8g80
MERGED: old=http://n2t.net/ark:/99166/w6r78cb4 -> new=http://n2t.net/ark:/99166/w69t2gsr
MERGED: old=http://n2t.net/ark:/99166/w67081qv -> new=http://n2t.net/ark:/99166/w6v22v62
MERGED: old=http://n2t.net/ark:/99166/w62b96wf -> new=http://n2t.net/ark:/99166/w67n11w0
MERGED: old=http://n2t.net/ark:/99166/w6r60dvw -> new=http://n2t.net/ark:/99166/w66b7wgt
MERGED: old=http://n2t.net/ark:/99166/w6s46skr -> new=http://n2t.net/ark:/99166/w6g26sz6
MERGED: old=http://n2t.net/ark:/99166/w6t731jd -> new=http://n2t.net/ark:/99166/w68q6qvq
MERGED: old=http://n2t.net/ark:/99166/w6s47xdj -> new=http://n2t.net/ark:/99166/w6zd8vv7
MERGED: old=http://n2t.net/ark:/99166/w65q4tbj -> new=http://n2t.net/ark:/99166/w6n11xsx
MERGED: old=http://n2t.net/ark:/99166/w65t3mnr -> new=http://n2t.net/ark:/99166/w60h498t
MERGED: old=http://n2t.net/ark:/99166/w6bp03df -> new=http://n2t.net/ark:/99166/w6193xqz
MERGED: old=http://n2t.net/ark:/99166/w6t72shp -> new=http://n2t.net/ark:/99166/w6sz748h
MERGED: old=http://n2t.net/ark:/99166/w67f3j6x -> new=http://n2t.net/ark:/99166/w6rc7w70
MERGED: old=http://n2t.net/ark:/99166/w6js9nx3 -> new=http://n2t.net/ark:/99166/w65r5nvx
MERGED: old=http://n2t.net/ark:/99166/w6qr4xsx -> new=http://n2t.net/ark:/99166/w6hr4p8f
MERGED: old=http://n2t.net/ark:/99166/w6xs5sgt -> new=http://n2t.net/ark:/99166/w6gc2thc
MERGED: old=http://n2t.net/ark:/99166/w67942sr -> new=http://n2t.net/ark:/99166/w6t25wff
MERGED: old=http://n2t.net/ark:/99166/w6g843wb -> new=http://n2t.net/ark:/99166/w6qs5nsb
MERGED: old=http://n2t.net/ark:/99166/w6w37tn1 -> new=http://n2t.net/ark:/99166/w69707s7
MERGED: old=http://n2t.net/ark:/99166/w60k27sn -> new=http://n2t.net/ark:/99166/w6kt7h7c
MERGED: old=http://n2t.net/ark:/99166/w6qv513m -> new=http://n2t.net/ark:/99166/w61w65cc
MERGED: old=http://n2t.net/ark:/99166/w6cn71v2 -> new=http://n2t.net/ark:/99166/w60w931w
MERGED: old=http://n2t.net/ark:/99166/w6d50jx0 -> new=http://n2t.net/ark:/99166/w6q92419
MERGED: old=http://n2t.net/ark:/99166/w60r9wpj -> new=http://n2t.net/ark:/99166/w6xf1rnp
MERGED: old=http://n2t.net/ark:/99166/w6jq1476 -> new=http://n2t.net/ark:/99166/w69x17bp
MERGED: old=http://n2t.net/ark:/99166/w6nv9jgn -> new=http://n2t.net/ark:/99166/w6zm6648
MERGED: old=http://n2t.net/ark:/99166/w63v9tq4 -> new=http://n2t.net/ark:/99166/w6c35nv7
MERGED: old=http://n2t.net/ark:/99166/w6j38rv5 -> new=http://n2t.net/ark:/99166/w63w07pk
MERGED: old=http://n2t.net/ark:/99166/w6w66hsr -> new=http://n2t.net/ark:/99166/w65c0t4w
MERGED: old=http://n2t.net/ark:/99166/w64f1wpn -> new=http://n2t.net/ark:/99166/w6hn5zn1
MERGED: old=http://n2t.net/ark:/99166/w6gf0w7j -> new=http://n2t.net/ark:/99166/w6ph2hbn
MERGED: old=http://n2t.net/ark:/99166/w69888g0 -> new=http://n2t.net/ark:/99166/w65j885g
MERGED: old=http://n2t.net/ark:/99166/w6qv3kx7 -> new=http://n2t.net/ark:/99166/w6bh3fxq
MERGED: old=http://n2t.net/ark:/99166/w6gf2k64 -> new=http://n2t.net/ark:/99166/w66f6jhs
MERGED: old=http://n2t.net/ark:/99166/w6571ng9 -> new=http://n2t.net/ark:/99166/w6gg1kw2
MERGED: old=http://n2t.net/ark:/99166/w6z03f2x -> new=http://n2t.net/ark:/99166/w6kx666v
MERGED: old=http://n2t.net/ark:/99166/w61263p9 -> new=http://n2t.net/ark:/99166/w67f3n2c
MERGED: old=http://n2t.net/ark:/99166/w6r23w24 -> new=http://n2t.net/ark:/99166/w6718rcd
MERGED: old=http://n2t.net/ark:/99166/w68k7wq0 -> new=http://n2t.net/ark:/99166/w6jb6wxc
MERGED: old=http://n2t.net/ark:/99166/w6rn35vm -> new=http://n2t.net/ark:/99166/w64z61r8
MERGED: old=http://n2t.net/ark:/99166/w6q83svz -> new=http://n2t.net/ark:/99166/w6fc5vmz
MERGED: old=http://n2t.net/ark:/99166/w6db8ck6 -> new=http://n2t.net/ark:/99166/w6q34qn3
MERGED: old=http://n2t.net/ark:/99166/w6kd1wxg -> new=http://n2t.net/ark:/99166/w6193z56
MERGED: old=http://n2t.net/ark:/99166/w6mp55h0 -> new=http://n2t.net/ark:/99166/w67j28q0
MERGED: old=http://n2t.net/ark:/99166/w6697ctr -> new=http://n2t.net/ark:/99166/w6s003m8
MERGED: old=http://n2t.net/ark:/99166/w6xs5vvk -> new=http://n2t.net/ark:/99166/w6cd1qpd
MERGED: old=http://n2t.net/ark:/99166/w6b86jmn -> new=http://n2t.net/ark:/99166/w6204trr
MERGED: old=http://n2t.net/ark:/99166/w6nc6106 -> new=http://n2t.net/ark:/99166/w64v77vf
MERGED: old=http://n2t.net/ark:/99166/w6r60dwb -> new=http://n2t.net/ark:/99166/w6m43ks8
MERGED: old=http://n2t.net/ark:/99166/w6m61ng0 -> new=http://n2t.net/ark:/99166/w6h23s6h
MERGED: old=http://n2t.net/ark:/99166/w6g55dcp -> new=http://n2t.net/ark:/99166/w6t839kh
MERGED: old=http://n2t.net/ark:/99166/w6pc33r2 -> new=http://n2t.net/ark:/99166/w6c64bfs
MERGED: old=http://n2t.net/ark:/99166/w60876jw -> new=http://n2t.net/ark:/99166/w62s4jst
MERGED: old=http://n2t.net/ark:/99166/w6rb7480 -> new=http://n2t.net/ark:/99166/w6qg9m01
MERGED: old=http://n2t.net/ark:/99166/w6sx6r4f -> new=http://n2t.net/ark:/99166/w6c35mff
MERGED: old=http://n2t.net/ark:/99166/w6251gqr -> new=http://n2t.net/ark:/99166/w6sv8ftr
MERGED: old=http://n2t.net/ark:/99166/w6057d1m -> new=http://n2t.net/ark:/99166/w6wj3fd9
MERGED: old=http://n2t.net/ark:/99166/w6vq570m -> new=http://n2t.net/ark:/99166/w6bm2556
MERGED: old=http://n2t.net/ark:/99166/w6jh3kqj -> new=http://n2t.net/ark:/99166/w6j49h2p
MERGED: old=http://n2t.net/ark:/99166/w6qn6759 -> new=http://n2t.net/ark:/99166/w66f6jc0
MERGED: old=http://n2t.net/ark:/99166/w6dn46nm -> new=http://n2t.net/ark:/99166/w63g5gbr
MERGED: old=http://n2t.net/ark:/99166/w6x74b1q -> new=http://n2t.net/ark:/99166/w6f874zg
MERGED: old=http://n2t.net/ark:/99166/w6hx1pnz -> new=http://n2t.net/ark:/99166/w6kt7jhc
MERGED: old=http://n2t.net/ark:/99166/w6tj1r3m -> new=http://n2t.net/ark:/99166/w6b96295
MERGED: old=http://n2t.net/ark:/99166/w6jw8knb -> new=http://n2t.net/ark:/99166/w6kx6679
MERGED: old=http://n2t.net/ark:/99166/w6fn16c6 -> new=http://n2t.net/ark:/99166/w6hv3dm8
MERGED: old=http://n2t.net/ark:/99166/w6j38s5m -> new=http://n2t.net/ark:/99166/w6mt4js4
MERGED: old=http://n2t.net/ark:/99166/w6kh0ksm -> new=http://n2t.net/ark:/99166/w69h6dts
MERGED: old=http://n2t.net/ark:/99166/w6xg9t7h -> new=http://n2t.net/ark:/99166/w6sg3n6g
MERGED: old=http://n2t.net/ark:/99166/w6v726r3 -> new=http://n2t.net/ark:/99166/w6dp4wfj
MERGED: old=http://n2t.net/ark:/99166/w68g8qg4 -> new=http://n2t.net/ark:/99166/w6dc8s2s
MERGED: old=http://n2t.net/ark:/99166/w6r78w8f -> new=http://n2t.net/ark:/99166/w69h6dkn
MERGED: old=http://n2t.net/ark:/99166/w6z036sf -> new=http://n2t.net/ark:/99166/w6vf7q0d
MERGED: old=http://n2t.net/ark:/99166/w65m69tb -> new=http://n2t.net/ark:/99166/w6m14xvn
MERGED: old=http://n2t.net/ark:/99166/w6445pd0 -> new=http://n2t.net/ark:/99166/w6gz534r
MERGED: old=http://n2t.net/ark:/99166/w6n8785p -> new=http://n2t.net/ark:/99166/w6fc5tw4
MERGED: old=http://n2t.net/ark:/99166/w6rx9wc2 -> new=http://n2t.net/ark:/99166/w6844h29
MERGED: old=http://n2t.net/ark:/99166/w6s46pwj -> new=http://n2t.net/ark:/99166/w6zb04vt
MERGED: old=http://n2t.net/ark:/99166/w64t6kvv -> new=http://n2t.net/ark:/99166/w6gr7qj8
MERGED: old=http://n2t.net/ark:/99166/w6hd7x3s -> new=http://n2t.net/ark:/99166/w63z8xpk
MERGED: old=http://n2t.net/ark:/99166/w6cf9qg3 -> new=http://n2t.net/ark:/99166/w66j56vs
MERGED: old=http://n2t.net/ark:/99166/w60p1238 -> new=http://n2t.net/ark:/99166/w6b38m3s
MERGED: old=http://n2t.net/ark:/99166/w6pn988w -> new=http://n2t.net/ark:/99166/w6359cf8
MERGED: old=http://n2t.net/ark:/99166/w67h1gjh -> new=http://n2t.net/ark:/99166/w68m8190
MERGED: old=http://n2t.net/ark:/99166/w61836dw -> new=http://n2t.net/ark:/99166/w6mx3911
MERGED: old=http://n2t.net/ark:/99166/w6474wg1 -> new=http://n2t.net/ark:/99166/w6ds3khc
MERGED: old=http://n2t.net/ark:/99166/w6jm27mq -> new=http://n2t.net/ark:/99166/w6x45pvz
MERGED: old=http://n2t.net/ark:/99166/w6g73ggs -> new=http://n2t.net/ark:/99166/w6290z4x
MERGED: old=http://n2t.net/ark:/99166/w64b3354 -> new=http://n2t.net/ark:/99166/w6b95zmk
MERGED: old=http://n2t.net/ark:/99166/w69g665f -> new=http://n2t.net/ark:/99166/w6427ndn
MERGED: old=http://n2t.net/ark:/99166/w68w3frn -> new=http://n2t.net/ark:/99166/w6rc7vz0
MERGED: old=http://n2t.net/ark:/99166/w6k64gt7 -> new=http://n2t.net/ark:/99166/w6z71d42
MERGED: old=http://n2t.net/ark:/99166/w6qf8z9g -> new=http://n2t.net/ark:/99166/w65v49kv
MERGED: old=http://n2t.net/ark:/99166/w6748t7g -> new=http://n2t.net/ark:/99166/w6679479
MERGED: old=http://n2t.net/ark:/99166/w6rf5t2v -> new=http://n2t.net/ark:/99166/w6pd3sd6
MERGED: old=http://n2t.net/ark:/99166/w6kb3xq8 -> new=http://n2t.net/ark:/99166/w64r8k15
MERGED: old=http://n2t.net/ark:/99166/w61g0mcb -> new=http://n2t.net/ark:/99166/w6524q6z
MERGED: old=http://n2t.net/ark:/99166/w6g458xv -> new=http://n2t.net/ark:/99166/w6bm2395
MERGED: old=http://n2t.net/ark:/99166/w6x92ntp -> new=http://n2t.net/ark:/99166/w6xj0gb0
MERGED: old=http://n2t.net/ark:/99166/w6d79cpw -> new=http://n2t.net/ark:/99166/w62c9pqb
MERGED: old=http://n2t.net/ark:/99166/w6tf01sg -> new=http://n2t.net/ark:/99166/w6vf7rcr
MERGED: old=http://n2t.net/ark:/99166/w6r20zfr -> new=http://n2t.net/ark:/99166/w6kn04t2
MERGED: old=http://n2t.net/ark:/99166/w6fn1536 -> new=http://n2t.net/ark:/99166/w68738jb
MERGED: old=http://n2t.net/ark:/99166/w6k9368d -> new=http://n2t.net/ark:/99166/w6b6791t
MERGED: old=http://n2t.net/ark:/99166/w6d799gc -> new=http://n2t.net/ark:/99166/w63k44cq
MERGED: old=http://n2t.net/ark:/99166/w6z323sv -> new=http://n2t.net/ark:/99166/w6dg7hnr
MERGED: old=http://n2t.net/ark:/99166/w6fb50wv -> new=http://n2t.net/ark:/99166/w697088x
MERGED: old=http://n2t.net/ark:/99166/w6qn6mz5 -> new=http://n2t.net/ark:/99166/w6rs2nnq
MERGED: old=http://n2t.net/ark:/99166/w6tt4pkz -> new=http://n2t.net/ark:/99166/w6jj4bcw
MERGED: old=http://n2t.net/ark:/99166/w66d5rtk -> new=http://n2t.net/ark:/99166/w6301x8w
MERGED: old=http://n2t.net/ark:/99166/w6qg9gxg -> new=http://n2t.net/ark:/99166/w6xm951b
MERGED: old=http://n2t.net/ark:/99166/w6nm43z7 -> new=http://n2t.net/ark:/99166/w6v51jp8
MERGED: old=http://n2t.net/ark:/99166/w6gm85qw -> new=http://n2t.net/ark:/99166/w6dg7gd6
MERGED: old=http://n2t.net/ark:/99166/w6jm3q8d -> new=http://n2t.net/ark:/99166/w67t8dbr
MERGED: old=http://n2t.net/ark:/99166/w6w671x4 -> new=http://n2t.net/ark:/99166/w6n40nx2
MERGED: old=http://n2t.net/ark:/99166/w6x928c9 -> new=http://n2t.net/ark:/99166/w6g26svv
MERGED: old=http://n2t.net/ark:/99166/w6qr8899 -> new=http://n2t.net/ark:/99166/w6wn266c
MERGED: old=http://n2t.net/ark:/99166/w6z71c19 -> new=http://n2t.net/ark:/99166/w6dg7gd6
MERGED: old=http://n2t.net/ark:/99166/w6n87864 -> new=http://n2t.net/ark:/99166/w6f58d7q
MERGED: old=http://n2t.net/ark:/99166/w63g5cp0 -> new=http://n2t.net/ark:/99166/w6427q3f
MERGED: old=http://n2t.net/ark:/99166/w6z89b8d -> new=http://n2t.net/ark:/99166/w6vb9047
MERGED: old=http://n2t.net/ark:/99166/w6bw85km -> new=http://n2t.net/ark:/99166/w6f29rp1
MERGED: old=http://n2t.net/ark:/99166/w6tx3dq3 -> new=http://n2t.net/ark:/99166/w65v49sj
MERGED: old=http://n2t.net/ark:/99166/w6r2122f -> new=http://n2t.net/ark:/99166/w6039j9x
MERGED: old=http://n2t.net/ark:/99166/w6sb50c7 -> new=http://n2t.net/ark:/99166/w6kq8snd
MERGED: old=http://n2t.net/ark:/99166/w6j1037h -> new=http://n2t.net/ark:/99166/w6621rfp
MERGED: old=http://n2t.net/ark:/99166/w6542qsh -> new=http://n2t.net/ark:/99166/w69h6chb
MERGED: old=http://n2t.net/ark:/99166/w6pg1zj0 -> new=http://n2t.net/ark:/99166/w6k759ws
MERGED: old=http://n2t.net/ark:/99166/w6n01gd8 -> new=http://n2t.net/ark:/99166/w6bq0swb
MERGED: old=http://n2t.net/ark:/99166/w6x068q6 -> new=http://n2t.net/ark:/99166/w6vr3rvm
MERGED: old=http://n2t.net/ark:/99166/w6v69pt3 -> new=http://n2t.net/ark:/99166/w6x16znx
MERGED: old=http://n2t.net/ark:/99166/w6q81c92 -> new=http://n2t.net/ark:/99166/w6427mg4
MERGED: old=http://n2t.net/ark:/99166/w6xk8s86 -> new=http://n2t.net/ark:/99166/w6q63gmd
MERGED: old=http://n2t.net/ark:/99166/w62f955n -> new=http://n2t.net/ark:/99166/w6tj99wk
MERGED: old=http://n2t.net/ark:/99166/w64f4dkn -> new=http://n2t.net/ark:/99166/w6tz45jp
MERGED: old=http://n2t.net/ark:/99166/w63b5xgj -> new=http://n2t.net/ark:/99166/w6zd8szr
MERGED: old=http://n2t.net/ark:/99166/w65b03fw -> new=http://n2t.net/ark:/99166/w6fs0ptt
MERGED: old=http://n2t.net/ark:/99166/w6jd9116 -> new=http://n2t.net/ark:/99166/w6c6494b
MERGED: old=http://n2t.net/ark:/99166/w6q9235p -> new=http://n2t.net/ark:/99166/w6c649b1
MERGED: old=http://n2t.net/ark:/99166/w60c4t1h -> new=http://n2t.net/ark:/99166/w6096xgn
MERGED: old=http://n2t.net/ark:/99166/w6sf2vw6 -> new=http://n2t.net/ark:/99166/w6m72bz8
MERGED: old=http://n2t.net/ark:/99166/w6qk869r -> new=http://n2t.net/ark:/99166/w6776605
MERGED: old=http://n2t.net/ark:/99166/w67p8x5b -> new=http://n2t.net/ark:/99166/w6mq5tbz
MERGED: old=http://n2t.net/ark:/99166/w6k361xx -> new=http://n2t.net/ark:/99166/w6jf5ncz
MERGED: old=http://n2t.net/ark:/99166/w6028pv1 -> new=http://n2t.net/ark:/99166/w6vz172d
MERGED: old=http://n2t.net/ark:/99166/w6j391vv -> new=http://n2t.net/ark:/99166/w6pp9x66
MERGED: old=http://n2t.net/ark:/99166/w6vh5n7n -> new=http://n2t.net/ark:/99166/w6q062k2
MERGED: old=http://n2t.net/ark:/99166/w6xp73km -> new=http://n2t.net/ark:/99166/w6m43krt
MERGED: old=http://n2t.net/ark:/99166/w6cv4hfd -> new=http://n2t.net/ark:/99166/w6sc4xsr
MERGED: old=http://n2t.net/ark:/99166/w62c9n66 -> new=http://n2t.net/ark:/99166/w6gg1m9v
MERGED: old=http://n2t.net/ark:/99166/w6xp78sc -> new=http://n2t.net/ark:/99166/w6nt1jcx
MERGED: old=http://n2t.net/ark:/99166/w65x2ckm -> new=http://n2t.net/ark:/99166/w6n69bxf
MERGED: old=http://n2t.net/ark:/99166/w6bz67hg -> new=http://n2t.net/ark:/99166/w6k46k6g
MERGED: old=http://n2t.net/ark:/99166/w66m3f7j -> new=http://n2t.net/ark:/99166/w61657pz
MERGED: old=http://n2t.net/ark:/99166/w6ww7fpv -> new=http://n2t.net/ark:/99166/w6hz24b1
MERGED: old=http://n2t.net/ark:/99166/w60k2m71 -> new=http://n2t.net/ark:/99166/w629100x
MERGED: old=http://n2t.net/ark:/99166/w6f191g9 -> new=http://n2t.net/ark:/99166/w6f58g3r
MERGED: old=http://n2t.net/ark:/99166/w6sx6v54 -> new=http://n2t.net/ark:/99166/w65r5m5j
MERGED: old=http://n2t.net/ark:/99166/w6sx6vj2 -> new=http://n2t.net/ark:/99166/w6p66c0x
MERGED: old=http://n2t.net/ark:/99166/w6m32x45 -> new=http://n2t.net/ark:/99166/w6n11xpk
MERGED: old=http://n2t.net/ark:/99166/w6t44dgd -> new=http://n2t.net/ark:/99166/w6tv5fx8
MERGED: old=http://n2t.net/ark:/99166/w6t72j4v -> new=http://n2t.net/ark:/99166/w6zh7k8z
MERGED: old=http://n2t.net/ark:/99166/w6wq05f1 -> new=http://n2t.net/ark:/99166/w68t5f53
MERGED: old=http://n2t.net/ark:/99166/w6d79gbn -> new=http://n2t.net/ark:/99166/w6hf8mf8
MERGED: old=http://n2t.net/ark:/99166/w6st7qpj -> new=http://n2t.net/ark:/99166/w6xm95x0
MERGED: old=http://n2t.net/ark:/99166/w6416vp0 -> new=http://n2t.net/ark:/99166/w6xq7xr4
MERGED: old=http://n2t.net/ark:/99166/w6f58c6v -> new=http://n2t.net/ark:/99166/w60d5kpv
MERGED: old=http://n2t.net/ark:/99166/w6251gxf -> new=http://n2t.net/ark:/99166/w65n6xbv
MERGED: old=http://n2t.net/ark:/99166/w6542kxn -> new=http://n2t.net/ark:/99166/w6hz2410
MERGED: old=http://n2t.net/ark:/99166/w66q1vn5 -> new=http://n2t.net/ark:/99166/w6kb3zxc
MERGED: old=http://n2t.net/ark:/99166/w6k93fs1 -> new=http://n2t.net/ark:/99166/w6bh3cfm
MERGED: old=http://n2t.net/ark:/99166/w6125rrp -> new=http://n2t.net/ark:/99166/w68m81m1
MERGED: old=http://n2t.net/ark:/99166/w6rb7f95 -> new=http://n2t.net/ark:/99166/w63k44kd
MERGED: old=http://n2t.net/ark:/99166/w6vd705m -> new=http://n2t.net/ark:/99166/w69x166g
MERGED: old=http://n2t.net/ark:/99166/w62c0pw5 -> new=http://n2t.net/ark:/99166/w6387zz9
MERGED: old=http://n2t.net/ark:/99166/w6kh1f8m -> new=http://n2t.net/ark:/99166/w6x1715v
MERGED: old=http://n2t.net/ark:/99166/w6dw2811 -> new=http://n2t.net/ark:/99166/w66r2ntn
MERGED: old=http://n2t.net/ark:/99166/w6n59019 -> new=http://n2t.net/ark:/99166/w6zq502j
MERGED: old=http://n2t.net/ark:/99166/w6tq6hs9 -> new=http://n2t.net/ark:/99166/w60d5mgk
MERGED: old=http://n2t.net/ark:/99166/w6q52t4j -> new=http://n2t.net/ark:/99166/w66b7vc2
MERGED: old=http://n2t.net/ark:/99166/w6571br5 -> new=http://n2t.net/ark:/99166/w6g55fvc
MERGED: old=http://n2t.net/ark:/99166/w66973k9 -> new=http://n2t.net/ark:/99166/w6p37pnh
MERGED: old=http://n2t.net/ark:/99166/w6k36gkt -> new=http://n2t.net/ark:/99166/w68h994d
MERGED: old=http://n2t.net/ark:/99166/w62n53c2 -> new=http://n2t.net/ark:/99166/w67b4vxd
MERGED: old=http://n2t.net/ark:/99166/w6wm1bjs -> new=http://n2t.net/ark:/99166/w6m72b7v
MERGED: old=http://n2t.net/ark:/99166/w67m06hd -> new=http://n2t.net/ark:/99166/w6096wdb
MERGED: old=http://n2t.net/ark:/99166/w6319w6z -> new=http://n2t.net/ark:/99166/w6wx89qc
MERGED: old=http://n2t.net/ark:/99166/w6qc02m1 -> new=http://n2t.net/ark:/99166/w6qg9h7x
MERGED: old=http://n2t.net/ark:/99166/w6cr7hxs -> new=http://n2t.net/ark:/99166/w6h23r7j
MERGED: old=http://n2t.net/ark:/99166/w6v69h42 -> new=http://n2t.net/ark:/99166/w6g844rz
MERGED: old=http://n2t.net/ark:/99166/w6330k0t -> new=http://n2t.net/ark:/99166/w64k16hh
MERGED: old=http://n2t.net/ark:/99166/w6b85pv2 -> new=http://n2t.net/ark:/99166/w6wr0v35
MERGED: old=http://n2t.net/ark:/99166/w6k07b2s -> new=http://n2t.net/ark:/99166/w6301vz1
MERGED: old=http://n2t.net/ark:/99166/w6xt6jgn -> new=http://n2t.net/ark:/99166/w69x14rt
MERGED: old=http://n2t.net/ark:/99166/w6xd116t -> new=http://n2t.net/ark:/99166/w6mt4hw2
MERGED: old=http://n2t.net/ark:/99166/w6zp45cx -> new=http://n2t.net/ark:/99166/w6rg6m1n
MERGED: old=http://n2t.net/ark:/99166/w6n87s5w -> new=http://n2t.net/ark:/99166/w6vn53ns
MERGED: old=http://n2t.net/ark:/99166/w60865hn -> new=http://n2t.net/ark:/99166/w6vf7nw7
MERGED: old=http://n2t.net/ark:/99166/w6zb1f5z -> new=http://n2t.net/ark:/99166/w6j20tqt
MERGED: old=http://n2t.net/ark:/99166/w6rr1xrn -> new=http://n2t.net/ark:/99166/w6p37r6h
MERGED: old=http://n2t.net/ark:/99166/w6k39qbq -> new=http://n2t.net/ark:/99166/w6d32nnq
MERGED: old=http://n2t.net/ark:/99166/w6m65mq7 -> new=http://n2t.net/ark:/99166/w6mq5tk3
MERGED: old=http://n2t.net/ark:/99166/w67t1j99 -> new=http://n2t.net/ark:/99166/w6mm75vj
MERGED: old=http://n2t.net/ark:/99166/w6z9375w -> new=http://n2t.net/ark:/99166/w60h497c
MERGED: old=http://n2t.net/ark:/99166/w6186w6m -> new=http://n2t.net/ark:/99166/w66b7t15
MERGED: old=http://n2t.net/ark:/99166/w6k697jn -> new=http://n2t.net/ark:/99166/w6gz52ph
MERGED: old=http://n2t.net/ark:/99166/w65469vz -> new=http://n2t.net/ark:/99166/w68f0m6x
MERGED: old=http://n2t.net/ark:/99166/w6vx5nmq -> new=http://n2t.net/ark:/99166/w6fs0n87
MERGED: old=http://n2t.net/ark:/99166/w6bw3npv -> new=http://n2t.net/ark:/99166/w6c932nt
MERGED: old=http://n2t.net/ark:/99166/w64r1s0j -> new=http://n2t.net/ark:/99166/w6x1712h
MERGED: old=http://n2t.net/ark:/99166/w689514h -> new=http://n2t.net/ark:/99166/w6zm68jg
MERGED: old=http://n2t.net/ark:/99166/w6cp96v7 -> new=http://n2t.net/ark:/99166/w6kt7jmq
MERGED: old=http://n2t.net/ark:/99166/w6vx4dqs -> new=http://n2t.net/ark:/99166/w68b1wv3
MERGED: old=http://n2t.net/ark:/99166/w69s5djk -> new=http://n2t.net/ark:/99166/w6r31sjr
MERGED: old=http://n2t.net/ark:/99166/w6pz8zsm -> new=http://n2t.net/ark:/99166/w6sv8fft
MERGED: old=http://n2t.net/ark:/99166/w68m1054 -> new=http://n2t.net/ark:/99166/w6pm18bd
MERGED: old=http://n2t.net/ark:/99166/w69h19fq -> new=http://n2t.net/ark:/99166/w6233k13
MERGED: old=http://n2t.net/ark:/99166/w65n0161 -> new=http://n2t.net/ark:/99166/w64c3qjv
MERGED: old=http://n2t.net/ark:/99166/w6dr8qxz -> new=http://n2t.net/ark:/99166/w6nq2wgr
MERGED: old=http://n2t.net/ark:/99166/w60g7m16 -> new=http://n2t.net/ark:/99166/w6qs5q6j
MERGED: old=http://n2t.net/ark:/99166/w6rv4skx -> new=http://n2t.net/ark:/99166/w62p5v3x
MERGED: old=http://n2t.net/ark:/99166/w6qv7hcr -> new=http://n2t.net/ark:/99166/w63z8x5v
MERGED: old=http://n2t.net/ark:/99166/w6cp2p4z -> new=http://n2t.net/ark:/99166/w63599js
MERGED: old=http://n2t.net/ark:/99166/w60p4n77 -> new=http://n2t.net/ark:/99166/w66f6kz1
MERGED: old=http://n2t.net/ark:/99166/w6cq07qs -> new=http://n2t.net/ark:/99166/w6m729xd
MERGED: old=http://n2t.net/ark:/99166/w61v9f4b -> new=http://n2t.net/ark:/99166/w6b6786n
MERGED: old=http://n2t.net/ark:/99166/w6tf410p -> new=http://n2t.net/ark:/99166/w69h6d6q
MERGED: old=http://n2t.net/ark:/99166/w6187n80 -> new=http://n2t.net/ark:/99166/w66r2q2m
MERGED: old=http://n2t.net/ark:/99166/w6dp255h -> new=http://n2t.net/ark:/99166/w6pm15n6
MERGED: old=http://n2t.net/ark:/99166/w66722rj -> new=http://n2t.net/ark:/99166/w6wx89m1
MERGED: old=http://n2t.net/ark:/99166/w6vt5fhv -> new=http://n2t.net/ark:/99166/w64n9x97
MERGED: old=http://n2t.net/ark:/99166/w6fj673w -> new=http://n2t.net/ark:/99166/w6kq8v15
MERGED: old=http://n2t.net/ark:/99166/w6401bz4 -> new=http://n2t.net/ark:/99166/w6jn32c7
MERGED: old=http://n2t.net/ark:/99166/w6pk49qj -> new=http://n2t.net/ark:/99166/w6wj3h16
MERGED: old=http://n2t.net/ark:/99166/w6vx4jrw -> new=http://n2t.net/ark:/99166/w6b67bkd
MERGED: old=http://n2t.net/ark:/99166/w6mh4thr -> new=http://n2t.net/ark:/99166/w6gv6f1w
MERGED: old=http://n2t.net/ark:/99166/w6gr1n3b -> new=http://n2t.net/ark:/99166/w68m8317
MERGED: old=http://n2t.net/ark:/99166/w6mh1d9z -> new=http://n2t.net/ark:/99166/w64r8k9r
MERGED: old=http://n2t.net/ark:/99166/w6ng9q7s -> new=http://n2t.net/ark:/99166/w6mh8fv6
MERGED: old=http://n2t.net/ark:/99166/w6hb2v75 -> new=http://n2t.net/ark:/99166/w6h8157t
MERGED: old=http://n2t.net/ark:/99166/w60s5678 -> new=http://n2t.net/ark:/99166/w6ps8n9w
MERGED: old=http://n2t.net/ark:/99166/w6s50hhm -> new=http://n2t.net/ark:/99166/w6qg9krg
MERGED: old=http://n2t.net/ark:/99166/w6dc1q46 -> new=http://n2t.net/ark:/99166/w6t54kw6
MERGED: old=http://n2t.net/ark:/99166/w6vq6vvn -> new=http://n2t.net/ark:/99166/w6fz839t
MERGED: old=http://n2t.net/ark:/99166/w6w5016q -> new=http://n2t.net/ark:/99166/w6f58cnp
MERGED: old=http://n2t.net/ark:/99166/w6rf9sbj -> new=http://n2t.net/ark:/99166/w6v22x5f
MERGED: old=http://n2t.net/ark:/99166/w6zs6qf7 -> new=http://n2t.net/ark:/99166/w6pw7bg2
MERGED: old=http://n2t.net/ark:/99166/w64r1s4b -> new=http://n2t.net/ark:/99166/w6pm17mk
MERGED: old=http://n2t.net/ark:/99166/w6bc8qr9 -> new=http://n2t.net/ark:/99166/w69x1651
MERGED: old=http://n2t.net/ark:/99166/w6wq3scq -> new=http://n2t.net/ark:/99166/w6gn8xhn
MERGED: old=http://n2t.net/ark:/99166/w60w2ncb -> new=http://n2t.net/ark:/99166/w6815swq
MERGED: old=http://n2t.net/ark:/99166/w6jq4qdm -> new=http://n2t.net/ark:/99166/w6z1427b
MERGED: old=http://n2t.net/ark:/99166/w69g9ct5 -> new=http://n2t.net/ark:/99166/w6gv6f0f
MERGED: old=http://n2t.net/ark:/99166/w61z7vhh -> new=http://n2t.net/ark:/99166/w6136kn0
MERGED: old=http://n2t.net/ark:/99166/w6sj5gdj -> new=http://n2t.net/ark:/99166/w6sv8dz4
MERGED: old=http://n2t.net/ark:/99166/w62v64j5 -> new=http://n2t.net/ark:/99166/w65f9js6
MERGED: old=http://n2t.net/ark:/99166/w68w8b3s -> new=http://n2t.net/ark:/99166/w60m31vs
MERGED: old=http://n2t.net/ark:/99166/w6b031f9 -> new=http://n2t.net/ark:/99166/w6v22xsh
MERGED: old=http://n2t.net/ark:/99166/w61g4j94 -> new=http://n2t.net/ark:/99166/w6rg6k7x
MERGED: old=http://n2t.net/ark:/99166/w6k10tvk -> new=http://n2t.net/ark:/99166/w6844jcr
MERGED: old=http://n2t.net/ark:/99166/w6cr9rnv -> new=http://n2t.net/ark:/99166/w6qg9krg
MERGED: old=http://n2t.net/ark:/99166/w6vb4x0q -> new=http://n2t.net/ark:/99166/w6301zcn
MERGED: old=http://n2t.net/ark:/99166/w6bw1957 -> new=http://n2t.net/ark:/99166/w65824rd
MERGED: old=http://n2t.net/ark:/99166/w6r24pnn -> new=http://n2t.net/ark:/99166/w63c6pdg
MERGED: old=http://n2t.net/ark:/99166/w6q01ckw -> new=http://n2t.net/ark:/99166/w6ph2jk6
MERGED: old=http://n2t.net/ark:/99166/w6ck2g5w -> new=http://n2t.net/ark:/99166/w6bh3dr2
MERGED: old=http://n2t.net/ark:/99166/w6xm583z -> new=http://n2t.net/ark:/99166/w63w092b
MERGED: old=http://n2t.net/ark:/99166/w6478066 -> new=http://n2t.net/ark:/99166/w64g2f4t
MERGED: old=http://n2t.net/ark:/99166/w60w27t6 -> new=http://n2t.net/ark:/99166/w6tc204m
MERGED: old=http://n2t.net/ark:/99166/w6z071gv -> new=http://n2t.net/ark:/99166/w6xb32w8
MERGED: old=http://n2t.net/ark:/99166/w6hm9bhz -> new=http://n2t.net/ark:/99166/w6hn61ms
MERGED: old=http://n2t.net/ark:/99166/w68201vm -> new=http://n2t.net/ark:/99166/w6zx2brk
MERGED: old=http://n2t.net/ark:/99166/w6tj2h9s -> new=http://n2t.net/ark:/99166/w6s004w8
MERGED: old=http://n2t.net/ark:/99166/w6740tdp -> new=http://n2t.net/ark:/99166/w6jr1svg
MERGED: old=http://n2t.net/ark:/99166/w6rw1bp3 -> new=http://n2t.net/ark:/99166/w6s28v75
MERGED: old=http://n2t.net/ark:/99166/w6q2876n -> new=http://n2t.net/ark:/99166/w6d32nm8
MERGED: old=http://n2t.net/ark:/99166/w6906ptx -> new=http://n2t.net/ark:/99166/w6dg7j87
MERGED: old=http://n2t.net/ark:/99166/w64r2j58 -> new=http://n2t.net/ark:/99166/w6f010gh
MERGED: old=http://n2t.net/ark:/99166/w6ms7qd2 -> new=http://n2t.net/ark:/99166/w6mm75nv
MERGED: old=http://n2t.net/ark:/99166/w6tj99s7 -> new=http://n2t.net/ark:/99166/w6r31qn8
MERGED: old=http://n2t.net/ark:/99166/w6741d89 -> new=http://n2t.net/ark:/99166/w6xx5bqz
MERGED: old=http://n2t.net/ark:/99166/w6md3qgn -> new=http://n2t.net/ark:/99166/w66b7vvb
MERGED: old=http://n2t.net/ark:/99166/w6h45wmk -> new=http://n2t.net/ark:/99166/w6qk889k
MERGED: old=http://n2t.net/ark:/99166/w64b7qzd -> new=http://n2t.net/ark:/99166/w6vz18m0
MERGED: old=http://n2t.net/ark:/99166/w6wd7r0s -> new=http://n2t.net/ark:/99166/w6fv9986
MERGED: old=http://n2t.net/ark:/99166/w6hb2xzd -> new=http://n2t.net/ark:/99166/w6r31rnp
MERGED: old=http://n2t.net/ark:/99166/w6zd1tng -> new=http://n2t.net/ark:/99166/w6gv6ctc
MERGED: old=http://n2t.net/ark:/99166/w6r82418 -> new=http://n2t.net/ark:/99166/w6204wg0
MERGED: old=http://n2t.net/ark:/99166/w60w92qf -> new=http://n2t.net/ark:/99166/w6r60hpw
MERGED: old=http://n2t.net/ark:/99166/w6808wj8 -> new=http://n2t.net/ark:/99166/w6cp7w5s
MERGED: old=http://n2t.net/ark:/99166/w61w0361 -> new=http://n2t.net/ark:/99166/w6nt1kjk
MERGED: old=http://n2t.net/ark:/99166/w6gn26j4 -> new=http://n2t.net/ark:/99166/w6dg7h7c
MERGED: old=http://n2t.net/ark:/99166/w63g0rwb -> new=http://n2t.net/ark:/99166/w6vb9225
MERGED: old=http://n2t.net/ark:/99166/w66r2mbz -> new=http://n2t.net/ark:/99166/w64r8kfj
MERGED: old=http://n2t.net/ark:/99166/w60s3h3f -> new=http://n2t.net/ark:/99166/w66r2mf9
MERGED: old=http://n2t.net/ark:/99166/w6rn70cs -> new=http://n2t.net/ark:/99166/w62c9qw0
MERGED: old=http://n2t.net/ark:/99166/w6798ttt -> new=http://n2t.net/ark:/99166/w6rg6ktj
MERGED: old=http://n2t.net/ark:/99166/w6v44q1m -> new=http://n2t.net/ark:/99166/w6d61c5s
MERGED: old=http://n2t.net/ark:/99166/w6qz71bj -> new=http://n2t.net/ark:/99166/w63z90s4
MERGED: old=http://n2t.net/ark:/99166/w6jj07zr -> new=http://n2t.net/ark:/99166/w6301zcn
MERGED: old=http://n2t.net/ark:/99166/w65v48mw -> new=http://n2t.net/ark:/99166/w6330m1p
MERGED: old=http://n2t.net/ark:/99166/w6nk79db -> new=http://n2t.net/ark:/99166/w6j20w41
MERGED: old=http://n2t.net/ark:/99166/w6x962cb -> new=http://n2t.net/ark:/99166/w68m82f6
MERGED: old=http://n2t.net/ark:/99166/w6x67qxq -> new=http://n2t.net/ark:/99166/w6zq4x5p
MERGED: old=http://n2t.net/ark:/99166/w6wt3115 -> new=http://n2t.net/ark:/99166/w6ch0gzr
MERGED: old=http://n2t.net/ark:/99166/w6fb9skv -> new=http://n2t.net/ark:/99166/w6zb058m
MERGED: old=http://n2t.net/ark:/99166/w6gr1n6p -> new=http://n2t.net/ark:/99166/w6sv8g29
MERGED: old=http://n2t.net/ark:/99166/w67694tw -> new=http://n2t.net/ark:/99166/w6912wmj
MERGED: old=http://n2t.net/ark:/99166/w6s805n9 -> new=http://n2t.net/ark:/99166/w6dc8tp8
MERGED: old=http://n2t.net/ark:/99166/w6dv5tpz -> new=http://n2t.net/ark:/99166/w65824w6
MERGED: old=http://n2t.net/ark:/99166/w6158qz4 -> new=http://n2t.net/ark:/99166/w6553fff
MERGED: old=http://n2t.net/ark:/99166/w6420nxq -> new=http://n2t.net/ark:/99166/w6hj7bv0
MERGED: old=http://n2t.net/ark:/99166/w6100rnr -> new=http://n2t.net/ark:/99166/w6c35p9g
MERGED: old=http://n2t.net/ark:/99166/w6bp5j7g -> new=http://n2t.net/ark:/99166/w6sg3p8s
MERGED: old=http://n2t.net/ark:/99166/w6d83549 -> new=http://n2t.net/ark:/99166/w6650gp5
MERGED: old=http://n2t.net/ark:/99166/w6rc13hs -> new=http://n2t.net/ark:/99166/w6g844wr
MERGED: old=http://n2t.net/ark:/99166/w61p2820 -> new=http://n2t.net/ark:/99166/w6747hsj
MERGED: old=http://n2t.net/ark:/99166/w68q1m28 -> new=http://n2t.net/ark:/99166/w6998xcv
MERGED: old=http://n2t.net/ark:/99166/w6wb3cnj -> new=http://n2t.net/ark:/99166/w6gz54k0
MERGED: old=http://n2t.net/ark:/99166/w6vt5gz3 -> new=http://n2t.net/ark:/99166/w6p66cd9
MERGED: old=http://n2t.net/ark:/99166/w6hb9vcm -> new=http://n2t.net/ark:/99166/w66j5829
MERGED: old=http://n2t.net/ark:/99166/w6vb1xjr -> new=http://n2t.net/ark:/99166/w6vr3vgx
MERGED: old=http://n2t.net/ark:/99166/w619089k -> new=http://n2t.net/ark:/99166/w6zq507s
MERGED: old=http://n2t.net/ark:/99166/w6b607tn -> new=http://n2t.net/ark:/99166/w6815vhm
MERGED: old=http://n2t.net/ark:/99166/w60g7n22 -> new=http://n2t.net/ark:/99166/w6gc2wxk
MERGED: old=http://n2t.net/ark:/99166/w6741fkr -> new=http://n2t.net/ark:/99166/w6xx59c2
MERGED: old=http://n2t.net/ark:/99166/w66m71ng -> new=http://n2t.net/ark:/99166/w6456dkn
MERGED: old=http://n2t.net/ark:/99166/w6kt276q -> new=http://n2t.net/ark:/99166/w6rk5bgt
MERGED: old=http://n2t.net/ark:/99166/w6546kj7 -> new=http://n2t.net/ark:/99166/w6j49kcj
MERGED: old=http://n2t.net/ark:/99166/w66m6wrs -> new=http://n2t.net/ark:/99166/w619409s
MERGED: old=http://n2t.net/ark:/99166/w62w35cj -> new=http://n2t.net/ark:/99166/w6k17w53
MERGED: old=http://n2t.net/ark:/99166/w6pz96z4 -> new=http://n2t.net/ark:/99166/w6hb9wwr
MERGED: old=http://n2t.net/ark:/99166/w60c8z07 -> new=http://n2t.net/ark:/99166/w67n120r
MERGED: old=http://n2t.net/ark:/99166/w6q857v3 -> new=http://n2t.net/ark:/99166/w6wb60pk
